{"total": {"lines":{"total":2214,"covered":98,"skipped":0,"pct":4.42},"statements":{"total":2339,"covered":102,"skipped":0,"pct":4.36},"functions":{"total":367,"covered":10,"skipped":0,"pct":2.72},"branches":{"total":1717,"covered":83,"skipped":0,"pct":4.83},"branchesTrue":{"total":0,"covered":0,"skipped":0,"pct":100}}
,"C:\\Users\\ss643\\Downloads\\MyApp\\app\\config\\firebase.js": {"lines":{"total":4,"covered":0,"skipped":0,"pct":0},"functions":{"total":0,"covered":0,"skipped":0,"pct":100},"statements":{"total":4,"covered":0,"skipped":0,"pct":0},"branches":{"total":0,"covered":0,"skipped":0,"pct":100}}
,"C:\\Users\\ss643\\Downloads\\MyApp\\app\\contexts\\ArduinoContext.js": {"lines":{"total":155,"covered":19,"skipped":0,"pct":12.25},"functions":{"total":29,"covered":1,"skipped":0,"pct":3.44},"statements":{"total":175,"covered":22,"skipped":0,"pct":12.57},"branches":{"total":98,"covered":9,"skipped":0,"pct":9.18}}
,"C:\\Users\\ss643\\Downloads\\MyApp\\app\\contexts\\AuthContext.js": {"lines":{"total":79,"covered":0,"skipped":0,"pct":0},"functions":{"total":9,"covered":0,"skipped":0,"pct":0},"statements":{"total":79,"covered":0,"skipped":0,"pct":0},"branches":{"total":21,"covered":0,"skipped":0,"pct":0}}
,"C:\\Users\\ss643\\Downloads\\MyApp\\app\\contexts\\LocationContext.js": {"lines":{"total":89,"covered":0,"skipped":0,"pct":0},"functions":{"total":15,"covered":0,"skipped":0,"pct":0},"statements":{"total":97,"covered":0,"skipped":0,"pct":0},"branches":{"total":52,"covered":0,"skipped":0,"pct":0}}
,"C:\\Users\\ss643\\Downloads\\MyApp\\app\\contexts\\NavigationControlContext.js": {"lines":{"total":6,"covered":0,"skipped":0,"pct":0},"functions":{"total":2,"covered":0,"skipped":0,"pct":0},"statements":{"total":7,"covered":0,"skipped":0,"pct":0},"branches":{"total":0,"covered":0,"skipped":0,"pct":100}}
,"C:\\Users\\ss643\\Downloads\\MyApp\\app\\contexts\\ThemeContext.js": {"lines":{"total":14,"covered":0,"skipped":0,"pct":0},"functions":{"total":3,"covered":0,"skipped":0,"pct":0},"statements":{"total":14,"covered":0,"skipped":0,"pct":0},"branches":{"total":6,"covered":0,"skipped":0,"pct":0}}
,"C:\\Users\\ss643\\Downloads\\MyApp\\app\\contexts\\VoiceCommandContext.js": {"lines":{"total":107,"covered":0,"skipped":0,"pct":0},"functions":{"total":22,"covered":0,"skipped":0,"pct":0},"statements":{"total":121,"covered":0,"skipped":0,"pct":0},"branches":{"total":81,"covered":0,"skipped":0,"pct":0}}
,"C:\\Users\\ss643\\Downloads\\MyApp\\app\\screens\\ChatbotScreen.js": {"lines":{"total":541,"covered":0,"skipped":0,"pct":0},"functions":{"total":71,"covered":0,"skipped":0,"pct":0},"statements":{"total":557,"covered":0,"skipped":0,"pct":0},"branches":{"total":406,"covered":0,"skipped":0,"pct":0}}
,"C:\\Users\\ss643\\Downloads\\MyApp\\app\\screens\\DeviceManagementScreen.js": {"lines":{"total":14,"covered":0,"skipped":0,"pct":0},"functions":{"total":7,"covered":0,"skipped":0,"pct":0},"statements":{"total":14,"covered":0,"skipped":0,"pct":0},"branches":{"total":42,"covered":0,"skipped":0,"pct":0}}
,"C:\\Users\\ss643\\Downloads\\MyApp\\app\\screens\\HomeScreen.js": {"lines":{"total":58,"covered":0,"skipped":0,"pct":0},"functions":{"total":18,"covered":0,"skipped":0,"pct":0},"statements":{"total":62,"covered":0,"skipped":0,"pct":0},"branches":{"total":59,"covered":0,"skipped":0,"pct":0}}
,"C:\\Users\\ss643\\Downloads\\MyApp\\app\\screens\\LocationScreen.js": {"lines":{"total":127,"covered":0,"skipped":0,"pct":0},"functions":{"total":27,"covered":0,"skipped":0,"pct":0},"statements":{"total":133,"covered":0,"skipped":0,"pct":0},"branches":{"total":92,"covered":0,"skipped":0,"pct":0}}
,"C:\\Users\\ss643\\Downloads\\MyApp\\app\\screens\\LoginScreen.js": {"lines":{"total":19,"covered":18,"skipped":0,"pct":94.73},"functions":{"total":3,"covered":2,"skipped":0,"pct":66.66},"statements":{"total":19,"covered":18,"skipped":0,"pct":94.73},"branches":{"total":14,"covered":13,"skipped":0,"pct":92.85}}
,"C:\\Users\\ss643\\Downloads\\MyApp\\app\\screens\\NavigationScreen.js": {"lines":{"total":223,"covered":0,"skipped":0,"pct":0},"functions":{"total":37,"covered":0,"skipped":0,"pct":0},"statements":{"total":233,"covered":0,"skipped":0,"pct":0},"branches":{"total":174,"covered":0,"skipped":0,"pct":0}}
,"C:\\Users\\ss643\\Downloads\\MyApp\\app\\screens\\ObjectDetectionScreen.js": {"lines":{"total":61,"covered":0,"skipped":0,"pct":0},"functions":{"total":11,"covered":0,"skipped":0,"pct":0},"statements":{"total":70,"covered":0,"skipped":0,"pct":0},"branches":{"total":56,"covered":0,"skipped":0,"pct":0}}
,"C:\\Users\\ss643\\Downloads\\MyApp\\app\\screens\\ProfileScreen.js": {"lines":{"total":35,"covered":0,"skipped":0,"pct":0},"functions":{"total":18,"covered":0,"skipped":0,"pct":0},"statements":{"total":37,"covered":0,"skipped":0,"pct":0},"branches":{"total":68,"covered":0,"skipped":0,"pct":0}}
,"C:\\Users\\ss643\\Downloads\\MyApp\\app\\screens\\SettingScreen.js": {"lines":{"total":27,"covered":0,"skipped":0,"pct":0},"functions":{"total":15,"covered":0,"skipped":0,"pct":0},"statements":{"total":28,"covered":0,"skipped":0,"pct":0},"branches":{"total":4,"covered":0,"skipped":0,"pct":0}}
,"C:\\Users\\ss643\\Downloads\\MyApp\\app\\screens\\SignupScreen.js": {"lines":{"total":25,"covered":0,"skipped":0,"pct":0},"functions":{"total":3,"covered":0,"skipped":0,"pct":0},"statements":{"total":28,"covered":0,"skipped":0,"pct":0},"branches":{"total":27,"covered":0,"skipped":0,"pct":0}}
,"C:\\Users\\ss643\\Downloads\\MyApp\\app\\screens\\VoiceCommandScreen.js": {"lines":{"total":361,"covered":0,"skipped":0,"pct":0},"functions":{"total":47,"covered":0,"skipped":0,"pct":0},"statements":{"total":378,"covered":0,"skipped":0,"pct":0},"branches":{"total":318,"covered":0,"skipped":0,"pct":0}}
,"C:\\Users\\ss643\\Downloads\\MyApp\\app\\utils\\aiChatbot.js": {"lines":{"total":93,"covered":0,"skipped":0,"pct":0},"functions":{"total":12,"covered":0,"skipped":0,"pct":0},"statements":{"total":97,"covered":0,"skipped":0,"pct":0},"branches":{"total":68,"covered":0,"skipped":0,"pct":0}}
,"C:\\Users\\ss643\\Downloads\\MyApp\\app\\utils\\commandProcessor.js": {"lines":{"total":61,"covered":42,"skipped":0,"pct":68.85},"functions":{"total":5,"covered":4,"skipped":0,"pct":80},"statements":{"total":62,"covered":43,"skipped":0,"pct":69.35},"branches":{"total":56,"covered":28,"skipped":0,"pct":50}}
,"C:\\Users\\ss643\\Downloads\\MyApp\\app\\utils\\emergencyAlert.js": {"lines":{"total":11,"covered":11,"skipped":0,"pct":100},"functions":{"total":2,"covered":2,"skipped":0,"pct":100},"statements":{"total":11,"covered":11,"skipped":0,"pct":100},"branches":{"total":22,"covered":22,"skipped":0,"pct":100}}
,"C:\\Users\\ss643\\Downloads\\MyApp\\app\\utils\\loginValidation.js": {"lines":{"total":8,"covered":8,"skipped":0,"pct":100},"functions":{"total":1,"covered":1,"skipped":0,"pct":100},"statements":{"total":8,"covered":8,"skipped":0,"pct":100},"branches":{"total":13,"covered":11,"skipped":0,"pct":84.61}}
,"C:\\Users\\ss643\\Downloads\\MyApp\\app\\utils\\navigationObstacleAlert.js": {"lines":{"total":46,"covered":0,"skipped":0,"pct":0},"functions":{"total":4,"covered":0,"skipped":0,"pct":0},"statements":{"total":51,"covered":0,"skipped":0,"pct":0},"branches":{"total":21,"covered":0,"skipped":0,"pct":0}}
,"C:\\Users\\ss643\\Downloads\\MyApp\\app\\utils\\objectDetection\\colors.js": {"lines":{"total":6,"covered":0,"skipped":0,"pct":0},"functions":{"total":3,"covered":0,"skipped":0,"pct":0},"statements":{"total":7,"covered":0,"skipped":0,"pct":0},"branches":{"total":2,"covered":0,"skipped":0,"pct":0}}
,"C:\\Users\\ss643\\Downloads\\MyApp\\app\\utils\\objectDetection\\modelHandler.js": {"lines":{"total":3,"covered":0,"skipped":0,"pct":0},"functions":{"total":0,"covered":0,"skipped":0,"pct":100},"statements":{"total":3,"covered":0,"skipped":0,"pct":0},"branches":{"total":0,"covered":0,"skipped":0,"pct":100}}
,"C:\\Users\\ss643\\Downloads\\MyApp\\app\\utils\\objectDetection\\preprocess.js": {"lines":{"total":9,"covered":0,"skipped":0,"pct":0},"functions":{"total":2,"covered":0,"skipped":0,"pct":0},"statements":{"total":9,"covered":0,"skipped":0,"pct":0},"branches":{"total":0,"covered":0,"skipped":0,"pct":100}}
,"C:\\Users\\ss643\\Downloads\\MyApp\\app\\utils\\objectDetection\\renderBox.js": {"lines":{"total":32,"covered":0,"skipped":0,"pct":0},"functions":{"total":1,"covered":0,"skipped":0,"pct":0},"statements":{"total":35,"covered":0,"skipped":0,"pct":0},"branches":{"total":17,"covered":0,"skipped":0,"pct":0}}
}
