TN:
SF:config\firebase.js
FNF:0
FNH:0
DA:10,0
DA:20,0
DA:21,0
DA:24,0
LF:4
LH:0
BRF:0
BRH:0
end_of_record
TN:
SF:contexts\ArduinoContext.js
FN:13,parseDistanceFromLine
FN:32,(anonymous_1)
FN:34,(anonymous_2)
FN:39,(anonymous_3)
FN:40,(anonymous_4)
FN:41,(anonymous_5)
FN:42,(anonymous_6)
FN:55,isJDYOrArduino
FN:57,(anonymous_8)
FN:60,(anonymous_9)
FN:75,(anonymous_10)
FN:101,(anonymous_11)
FN:103,(anonymous_12)
FN:105,(anonymous_13)
FN:119,(anonymous_14)
FN:123,(anonymous_15)
FN:134,(anonymous_16)
FN:142,(anonymous_17)
FN:145,(anonymous_18)
FN:149,(anonymous_19)
FN:153,(anonymous_20)
FN:157,(anonymous_21)
FN:173,(anonymous_22)
FN:175,(anonymous_23)
FN:180,(anonymous_24)
FN:207,(anonymous_25)
FN:230,(anonymous_26)
FN:239,(anonymous_27)
FN:282,(anonymous_28)
FNF:29
FNH:1
FNDA:10,parseDistanceFromLine
FNDA:0,(anonymous_1)
FNDA:0,(anonymous_2)
FNDA:0,(anonymous_3)
FNDA:0,(anonymous_4)
FNDA:0,(anonymous_5)
FNDA:0,(anonymous_6)
FNDA:0,isJDYOrArduino
FNDA:0,(anonymous_8)
FNDA:0,(anonymous_9)
FNDA:0,(anonymous_10)
FNDA:0,(anonymous_11)
FNDA:0,(anonymous_12)
FNDA:0,(anonymous_13)
FNDA:0,(anonymous_14)
FNDA:0,(anonymous_15)
FNDA:0,(anonymous_16)
FNDA:0,(anonymous_17)
FNDA:0,(anonymous_18)
FNDA:0,(anonymous_19)
FNDA:0,(anonymous_20)
FNDA:0,(anonymous_21)
FNDA:0,(anonymous_22)
FNDA:0,(anonymous_23)
FNDA:0,(anonymous_24)
FNDA:0,(anonymous_25)
FNDA:0,(anonymous_26)
FNDA:0,(anonymous_27)
FNDA:0,(anonymous_28)
DA:14,10
DA:15,8
DA:16,8
DA:17,8
DA:18,4
DA:19,4
DA:20,1
DA:21,1
DA:22,1
DA:25,2
DA:26,2
DA:28,2
DA:42,0
DA:45,2
DA:46,2
DA:47,2
DA:50,2
DA:53,2
DA:56,0
DA:57,0
DA:60,2
DA:61,0
DA:62,0
DA:63,0
DA:64,0
DA:65,0
DA:66,0
DA:67,0
DA:68,0
DA:70,0
DA:71,0
DA:72,0
DA:73,0
DA:75,0
DA:76,0
DA:77,0
DA:78,0
DA:79,0
DA:80,0
DA:81,0
DA:82,0
DA:87,0
DA:92,0
DA:95,0
DA:97,0
DA:101,0
DA:102,0
DA:103,0
DA:104,0
DA:105,0
DA:106,0
DA:107,0
DA:108,0
DA:110,0
DA:111,0
DA:112,0
DA:113,0
DA:114,0
DA:119,0
DA:120,0
DA:123,0
DA:124,0
DA:125,0
DA:126,0
DA:128,0
DA:129,0
DA:130,0
DA:132,0
DA:133,0
DA:134,0
DA:136,0
DA:137,0
DA:138,0
DA:139,0
DA:142,0
DA:143,0
DA:144,0
DA:145,0
DA:146,0
DA:149,0
DA:150,0
DA:151,0
DA:152,0
DA:153,0
DA:156,0
DA:158,0
DA:159,0
DA:160,0
DA:161,0
DA:162,0
DA:163,0
DA:169,0
DA:170,0
DA:171,0
DA:172,0
DA:173,0
DA:175,0
DA:176,0
DA:177,0
DA:180,0
DA:181,0
DA:182,0
DA:183,0
DA:184,0
DA:185,0
DA:186,0
DA:187,0
DA:189,0
DA:190,0
DA:191,0
DA:195,0
DA:197,0
DA:198,0
DA:199,0
DA:200,0
DA:201,0
DA:207,0
DA:208,0
DA:209,0
DA:210,0
DA:212,0
DA:213,0
DA:214,0
DA:215,0
DA:217,0
DA:218,0
DA:219,0
DA:220,0
DA:221,0
DA:222,0
DA:223,0
DA:224,0
DA:225,0
DA:227,0
DA:228,0
DA:229,0
DA:230,0
DA:231,0
DA:232,0
DA:234,0
DA:235,0
DA:236,0
DA:238,0
DA:239,0
DA:240,0
DA:241,0
DA:243,0
DA:244,0
DA:245,0
DA:246,0
DA:248,0
DA:249,0
DA:251,0
DA:255,0
DA:282,2
LF:155
LH:19
BRDA:14,0,0,2
BRDA:14,0,1,8
BRDA:14,1,0,10
BRDA:14,1,1,8
BRDA:17,2,0,4
BRDA:17,2,1,4
BRDA:19,3,0,3
BRDA:19,3,1,1
BRDA:21,4,0,0
BRDA:21,4,1,1
BRDA:56,5,0,0
BRDA:56,5,1,0
BRDA:76,6,0,0
BRDA:76,6,1,0
BRDA:78,7,0,0
BRDA:78,7,1,0
BRDA:80,8,0,0
BRDA:80,8,1,0
BRDA:81,9,0,0
BRDA:81,9,1,0
BRDA:88,10,0,0
BRDA:88,10,1,0
BRDA:102,11,0,0
BRDA:102,11,1,0
BRDA:102,12,0,0
BRDA:102,12,1,0
BRDA:104,13,0,0
BRDA:104,13,1,0
BRDA:107,14,0,0
BRDA:107,14,1,0
BRDA:112,15,0,0
BRDA:112,15,1,0
BRDA:112,16,0,0
BRDA:112,16,1,0
BRDA:123,17,0,0
BRDA:124,18,0,0
BRDA:124,18,1,0
BRDA:128,19,0,0
BRDA:128,19,1,0
BRDA:133,20,0,0
BRDA:133,20,1,0
BRDA:133,21,0,0
BRDA:133,21,1,0
BRDA:133,21,2,0
BRDA:158,22,0,0
BRDA:158,22,1,0
BRDA:158,23,0,0
BRDA:158,23,1,0
BRDA:166,24,0,0
BRDA:166,24,1,0
BRDA:176,25,0,0
BRDA:176,25,1,0
BRDA:176,25,2,0
BRDA:176,26,0,0
BRDA:176,26,1,0
BRDA:183,27,0,0
BRDA:183,27,1,0
BRDA:183,28,0,0
BRDA:183,28,1,0
BRDA:186,29,0,0
BRDA:186,29,1,0
BRDA:186,30,0,0
BRDA:186,30,1,0
BRDA:186,30,2,0
BRDA:189,31,0,0
BRDA:189,31,1,0
BRDA:190,32,0,0
BRDA:190,32,1,0
BRDA:197,33,0,0
BRDA:197,33,1,0
BRDA:208,34,0,0
BRDA:208,34,1,0
BRDA:213,35,0,0
BRDA:213,35,1,0
BRDA:223,36,0,0
BRDA:223,36,1,0
BRDA:228,37,0,0
BRDA:228,37,1,0
BRDA:231,38,0,0
BRDA:231,38,1,0
BRDA:232,39,0,0
BRDA:232,39,1,0
BRDA:232,40,0,0
BRDA:232,40,1,0
BRDA:238,41,0,0
BRDA:238,41,1,0
BRDA:240,42,0,0
BRDA:240,42,1,0
BRDA:241,43,0,0
BRDA:241,43,1,0
BRDA:241,44,0,0
BRDA:241,44,1,0
BRDA:241,45,0,0
BRDA:241,45,1,0
BRDA:245,46,0,0
BRDA:245,46,1,0
BRDA:248,47,0,0
BRDA:248,47,1,0
BRF:98
BRH:9
end_of_record
TN:
SF:contexts\AuthContext.js
FN:20,(anonymous_0)
FN:25,(anonymous_1)
FN:62,(anonymous_2)
FN:92,(anonymous_3)
FN:104,(anonymous_4)
FN:115,(anonymous_5)
FN:142,(anonymous_6)
FN:143,(anonymous_7)
FN:177,(anonymous_8)
FNF:9
FNH:0
FNDA:0,(anonymous_0)
FNDA:0,(anonymous_1)
FNDA:0,(anonymous_2)
FNDA:0,(anonymous_3)
FNDA:0,(anonymous_4)
FNDA:0,(anonymous_5)
FNDA:0,(anonymous_6)
FNDA:0,(anonymous_7)
FNDA:0,(anonymous_8)
DA:18,0
DA:20,0
DA:21,0
DA:22,0
DA:23,0
DA:25,0
DA:26,0
DA:27,0
DA:28,0
DA:30,0
DA:31,0
DA:32,0
DA:33,0
DA:35,0
DA:36,0
DA:38,0
DA:39,0
DA:52,0
DA:53,0
DA:54,0
DA:57,0
DA:58,0
DA:62,0
DA:63,0
DA:64,0
DA:65,0
DA:67,0
DA:68,0
DA:82,0
DA:83,0
DA:85,0
DA:87,0
DA:88,0
DA:92,0
DA:93,0
DA:94,0
DA:95,0
DA:96,0
DA:97,0
DA:99,0
DA:100,0
DA:104,0
DA:105,0
DA:106,0
DA:107,0
DA:108,0
DA:110,0
DA:111,0
DA:115,0
DA:116,0
DA:117,0
DA:120,0
DA:121,0
DA:123,0
DA:128,0
DA:129,0
DA:130,0
DA:131,0
DA:134,0
DA:135,0
DA:137,0
DA:138,0
DA:142,0
DA:143,0
DA:144,0
DA:145,0
DA:146,0
DA:147,0
DA:149,0
DA:152,0
DA:154,0
DA:157,0
DA:160,0
DA:170,0
DA:177,0
DA:178,0
DA:179,0
DA:180,0
DA:182,0
LF:79
LH:0
BRDA:30,0,0,0
BRDA:30,0,1,0
BRDA:32,1,0,0
BRDA:32,1,1,0
BRDA:32,2,0,0
BRDA:32,2,1,0
BRDA:38,3,0,0
BRDA:38,3,1,0
BRDA:38,3,2,0
BRDA:116,4,0,0
BRDA:116,4,1,0
BRDA:128,5,0,0
BRDA:128,5,1,0
BRDA:130,6,0,0
BRDA:130,6,1,0
BRDA:145,7,0,0
BRDA:145,7,1,0
BRDA:172,8,0,0
BRDA:172,8,1,0
BRDA:179,9,0,0
BRDA:179,9,1,0
BRF:21
BRH:0
end_of_record
TN:
SF:contexts\LocationContext.js
FN:12,(anonymous_0)
FN:13,(anonymous_1)
FN:14,(anonymous_2)
FN:15,(anonymous_3)
FN:18,(anonymous_4)
FN:28,(anonymous_5)
FN:56,(anonymous_6)
FN:109,(anonymous_7)
FN:125,(anonymous_8)
FN:134,(anonymous_9)
FN:145,(anonymous_10)
FN:154,(anonymous_11)
FN:168,(anonymous_12)
FN:172,(anonymous_13)
FN:197,(anonymous_14)
FNF:15
FNH:0
FNDA:0,(anonymous_0)
FNDA:0,(anonymous_1)
FNDA:0,(anonymous_2)
FNDA:0,(anonymous_3)
FNDA:0,(anonymous_4)
FNDA:0,(anonymous_5)
FNDA:0,(anonymous_6)
FNDA:0,(anonymous_7)
FNDA:0,(anonymous_8)
FNDA:0,(anonymous_9)
FNDA:0,(anonymous_10)
FNDA:0,(anonymous_11)
FNDA:0,(anonymous_12)
FNDA:0,(anonymous_13)
FNDA:0,(anonymous_14)
DA:6,0
DA:14,0
DA:15,0
DA:18,0
DA:19,0
DA:20,0
DA:21,0
DA:22,0
DA:28,0
DA:29,0
DA:30,0
DA:32,0
DA:33,0
DA:34,0
DA:35,0
DA:36,0
DA:39,0
DA:43,0
DA:47,0
DA:49,0
DA:50,0
DA:52,0
DA:56,0
DA:57,0
DA:59,0
DA:60,0
DA:61,0
DA:62,0
DA:63,0
DA:64,0
DA:67,0
DA:71,0
DA:73,0
DA:76,0
DA:78,0
DA:79,0
DA:80,0
DA:86,0
DA:88,0
DA:89,0
DA:90,0
DA:91,0
DA:92,0
DA:93,0
DA:94,0
DA:95,0
DA:96,0
DA:99,0
DA:100,0
DA:102,0
DA:104,0
DA:105,0
DA:109,0
DA:110,0
DA:112,0
DA:113,0
DA:114,0
DA:116,0
DA:120,0
DA:121,0
DA:122,0
DA:125,0
DA:126,0
DA:134,0
DA:135,0
DA:136,0
DA:137,0
DA:138,0
DA:139,0
DA:140,0
DA:141,0
DA:145,0
DA:149,0
DA:150,0
DA:154,0
DA:155,0
DA:157,0
DA:158,0
DA:159,0
DA:160,0
DA:161,0
DA:164,0
DA:168,0
DA:169,0
DA:172,0
DA:173,0
DA:174,0
DA:178,0
DA:197,0
LF:89
LH:0
BRDA:33,0,0,0
BRDA:33,0,1,0
BRDA:56,1,0,0
BRDA:57,2,0,0
BRDA:57,2,1,0
BRDA:59,3,0,0
BRDA:59,3,1,0
BRDA:60,4,0,0
BRDA:60,4,1,0
BRDA:63,5,0,0
BRDA:63,5,1,0
BRDA:76,6,0,0
BRDA:76,6,1,0
BRDA:88,7,0,0
BRDA:88,7,1,0
BRDA:90,8,0,0
BRDA:90,8,1,0
BRDA:92,9,0,0
BRDA:92,9,1,0
BRDA:94,10,0,0
BRDA:94,10,1,0
BRDA:95,11,0,0
BRDA:95,11,1,0
BRDA:110,12,0,0
BRDA:110,12,1,0
BRDA:110,13,0,0
BRDA:110,13,1,0
BRDA:126,14,0,0
BRDA:126,14,1,0
BRDA:126,14,2,0
BRDA:126,14,3,0
BRDA:126,14,4,0
BRDA:135,15,0,0
BRDA:135,15,1,0
BRDA:139,16,0,0
BRDA:139,16,1,0
BRDA:142,17,0,0
BRDA:142,17,1,0
BRDA:142,18,0,0
BRDA:142,18,1,0
BRDA:143,19,0,0
BRDA:143,19,1,0
BRDA:143,20,0,0
BRDA:143,20,1,0
BRDA:144,21,0,0
BRDA:144,21,1,0
BRDA:155,22,0,0
BRDA:155,22,1,0
BRDA:159,23,0,0
BRDA:159,23,1,0
BRDA:173,24,0,0
BRDA:173,24,1,0
BRF:52
BRH:0
end_of_record
TN:
SF:contexts\NavigationControlContext.js
FN:14,(anonymous_0)
FN:24,(anonymous_1)
FNF:2
FNH:0
FNDA:0,(anonymous_0)
FNDA:0,(anonymous_1)
DA:9,0
DA:14,0
DA:15,0
DA:16,0
DA:17,0
DA:24,0
LF:6
LH:0
BRF:0
BRH:0
end_of_record
TN:
SF:contexts\ThemeContext.js
FN:6,(anonymous_0)
FN:11,(anonymous_1)
FN:72,(anonymous_2)
FNF:3
FNH:0
FNDA:0,(anonymous_0)
FNDA:0,(anonymous_1)
FNDA:0,(anonymous_2)
DA:4,0
DA:6,0
DA:7,0
DA:9,0
DA:11,0
DA:12,0
DA:13,0
DA:38,0
DA:65,0
DA:72,0
DA:73,0
DA:74,0
DA:75,0
DA:77,0
LF:14
LH:0
BRDA:9,0,0,0
BRDA:9,0,1,0
BRDA:12,1,0,0
BRDA:12,1,1,0
BRDA:74,2,0,0
BRDA:74,2,1,0
BRF:6
BRH:0
end_of_record
TN:
SF:contexts\VoiceCommandContext.js
FN:11,(anonymous_0)
FN:16,(anonymous_1)
FN:24,(anonymous_2)
FN:36,(anonymous_3)
FN:62,(anonymous_4)
FN:70,(anonymous_5)
FN:79,(anonymous_6)
FN:80,(anonymous_7)
FN:81,(anonymous_8)
FN:84,(anonymous_9)
FN:109,(anonymous_10)
FN:122,(anonymous_11)
FN:126,(anonymous_12)
FN:127,(anonymous_13)
FN:136,(anonymous_14)
FN:144,(anonymous_15)
FN:148,(anonymous_16)
FN:160,(anonymous_17)
FN:172,(anonymous_18)
FN:178,(anonymous_19)
FN:205,(anonymous_20)
FN:215,(anonymous_21)
FNF:22
FNH:0
FNDA:0,(anonymous_0)
FNDA:0,(anonymous_1)
FNDA:0,(anonymous_2)
FNDA:0,(anonymous_3)
FNDA:0,(anonymous_4)
FNDA:0,(anonymous_5)
FNDA:0,(anonymous_6)
FNDA:0,(anonymous_7)
FNDA:0,(anonymous_8)
FNDA:0,(anonymous_9)
FNDA:0,(anonymous_10)
FNDA:0,(anonymous_11)
FNDA:0,(anonymous_12)
FNDA:0,(anonymous_13)
FNDA:0,(anonymous_14)
FNDA:0,(anonymous_15)
FNDA:0,(anonymous_16)
FNDA:0,(anonymous_17)
FNDA:0,(anonymous_18)
FNDA:0,(anonymous_19)
FNDA:0,(anonymous_20)
FNDA:0,(anonymous_21)
DA:11,0
DA:12,0
DA:14,0
DA:16,0
DA:17,0
DA:18,0
DA:19,0
DA:20,0
DA:21,0
DA:22,0
DA:24,0
DA:25,0
DA:26,0
DA:27,0
DA:36,0
DA:37,0
DA:38,0
DA:39,0
DA:40,0
DA:41,0
DA:42,0
DA:43,0
DA:44,0
DA:45,0
DA:46,0
DA:50,0
DA:51,0
DA:53,0
DA:54,0
DA:55,0
DA:59,0
DA:63,0
DA:64,0
DA:65,0
DA:67,0
DA:71,0
DA:72,0
DA:73,0
DA:75,0
DA:82,0
DA:85,0
DA:86,0
DA:87,0
DA:89,0
DA:90,0
DA:91,0
DA:93,0
DA:94,0
DA:95,0
DA:97,0
DA:98,0
DA:104,0
DA:106,0
DA:117,0
DA:118,0
DA:119,0
DA:122,0
DA:123,0
DA:124,0
DA:126,0
DA:127,0
DA:128,0
DA:129,0
DA:130,0
DA:131,0
DA:136,0
DA:137,0
DA:138,0
DA:139,0
DA:141,0
DA:144,0
DA:145,0
DA:148,0
DA:149,0
DA:152,0
DA:153,0
DA:154,0
DA:156,0
DA:160,0
DA:161,0
DA:162,0
DA:163,0
DA:164,0
DA:166,0
DA:167,0
DA:168,0
DA:172,0
DA:173,0
DA:174,0
DA:175,0
DA:178,0
DA:179,0
DA:180,0
DA:181,0
DA:182,0
DA:184,0
DA:185,0
DA:186,0
DA:187,0
DA:195,0
DA:196,0
DA:199,0
DA:200,0
DA:204,0
DA:205,0
DA:208,0
DA:215,0
LF:107
LH:0
BRDA:12,0,0,0
BRDA:12,0,1,0
BRDA:12,0,2,0
BRDA:12,0,3,0
BRDA:24,1,0,0
BRDA:25,2,0,0
BRDA:25,2,1,0
BRDA:25,3,0,0
BRDA:25,3,1,0
BRDA:37,4,0,0
BRDA:37,4,1,0
BRDA:38,5,0,0
BRDA:38,5,1,0
BRDA:38,6,0,0
BRDA:38,6,1,0
BRDA:41,7,0,0
BRDA:41,7,1,0
BRDA:41,8,0,0
BRDA:41,8,1,0
BRDA:42,9,0,0
BRDA:42,9,1,0
BRDA:51,10,0,0
BRDA:51,10,1,0
BRDA:54,11,0,0
BRDA:54,11,1,0
BRDA:55,12,0,0
BRDA:55,12,1,0
BRDA:55,13,0,0
BRDA:55,13,1,0
BRDA:56,14,0,0
BRDA:56,14,1,0
BRDA:82,15,0,0
BRDA:82,15,1,0
BRDA:85,16,0,0
BRDA:85,16,1,0
BRDA:89,17,0,0
BRDA:89,17,1,0
BRDA:93,18,0,0
BRDA:93,18,1,0
BRDA:117,19,0,0
BRDA:117,19,1,0
BRDA:117,20,0,0
BRDA:117,20,1,0
BRDA:118,21,0,0
BRDA:118,21,1,0
BRDA:118,22,0,0
BRDA:118,22,1,0
BRDA:123,23,0,0
BRDA:123,23,1,0
BRDA:123,24,0,0
BRDA:123,24,1,0
BRDA:123,24,2,0
BRDA:123,24,3,0
BRDA:124,25,0,0
BRDA:124,25,1,0
BRDA:129,26,0,0
BRDA:129,26,1,0
BRDA:137,27,0,0
BRDA:137,27,1,0
BRDA:139,28,0,0
BRDA:139,28,1,0
BRDA:162,29,0,0
BRDA:162,29,1,0
BRDA:167,30,0,0
BRDA:167,30,1,0
BRDA:167,31,0,0
BRDA:167,31,1,0
BRDA:168,32,0,0
BRDA:168,32,1,0
BRDA:168,33,0,0
BRDA:168,33,1,0
BRDA:173,34,0,0
BRDA:173,34,1,0
BRDA:179,35,0,0
BRDA:179,35,1,0
BRDA:180,36,0,0
BRDA:180,36,1,0
BRDA:186,37,0,0
BRDA:186,37,1,0
BRDA:196,38,0,0
BRDA:196,38,1,0
BRF:81
BRH:0
end_of_record
TN:
SF:screens\ChatbotScreen.js
FN:20,(anonymous_0)
FN:45,ChatbotScreen
FN:76,(anonymous_2)
FN:97,(anonymous_3)
FN:105,(anonymous_4)
FN:127,(anonymous_5)
FN:135,(anonymous_6)
FN:138,(anonymous_7)
FN:164,(anonymous_8)
FN:175,(anonymous_9)
FN:177,(anonymous_10)
FN:183,(anonymous_11)
FN:186,(anonymous_12)
FN:194,(anonymous_13)
FN:199,(anonymous_14)
FN:207,(anonymous_15)
FN:228,(anonymous_16)
FN:232,(anonymous_17)
FN:244,(anonymous_18)
FN:254,(anonymous_19)
FN:281,(anonymous_20)
FN:290,(anonymous_21)
FN:304,(anonymous_22)
FN:325,(anonymous_23)
FN:339,(anonymous_24)
FN:343,(anonymous_25)
FN:359,(anonymous_26)
FN:364,(anonymous_27)
FN:387,(anonymous_28)
FN:396,(anonymous_29)
FN:408,(anonymous_30)
FN:421,(anonymous_31)
FN:438,(anonymous_32)
FN:443,(anonymous_33)
FN:467,(anonymous_34)
FN:482,(anonymous_35)
FN:519,(anonymous_36)
FN:535,(anonymous_37)
FN:609,(anonymous_38)
FN:613,(anonymous_39)
FN:615,(anonymous_40)
FN:627,(anonymous_41)
FN:637,(anonymous_42)
FN:664,(anonymous_43)
FN:673,(anonymous_44)
FN:687,(anonymous_45)
FN:694,(anonymous_46)
FN:704,(anonymous_47)
FN:728,(anonymous_48)
FN:764,(anonymous_49)
FN:786,(anonymous_50)
FN:793,(anonymous_51)
FN:800,(anonymous_52)
FN:803,(anonymous_53)
FN:806,(anonymous_54)
FN:828,(anonymous_55)
FN:835,(anonymous_56)
FN:841,(anonymous_57)
FN:848,(anonymous_58)
FN:860,(anonymous_59)
FN:872,(anonymous_60)
FN:880,(anonymous_61)
FN:888,(anonymous_62)
FN:892,(anonymous_63)
FN:895,(anonymous_64)
FN:910,(anonymous_65)
FN:919,(anonymous_66)
FN:962,(anonymous_67)
FN:986,(anonymous_68)
FN:1036,(anonymous_69)
FN:1195,(anonymous_70)
FNF:71
FNH:0
FNDA:0,(anonymous_0)
FNDA:0,ChatbotScreen
FNDA:0,(anonymous_2)
FNDA:0,(anonymous_3)
FNDA:0,(anonymous_4)
FNDA:0,(anonymous_5)
FNDA:0,(anonymous_6)
FNDA:0,(anonymous_7)
FNDA:0,(anonymous_8)
FNDA:0,(anonymous_9)
FNDA:0,(anonymous_10)
FNDA:0,(anonymous_11)
FNDA:0,(anonymous_12)
FNDA:0,(anonymous_13)
FNDA:0,(anonymous_14)
FNDA:0,(anonymous_15)
FNDA:0,(anonymous_16)
FNDA:0,(anonymous_17)
FNDA:0,(anonymous_18)
FNDA:0,(anonymous_19)
FNDA:0,(anonymous_20)
FNDA:0,(anonymous_21)
FNDA:0,(anonymous_22)
FNDA:0,(anonymous_23)
FNDA:0,(anonymous_24)
FNDA:0,(anonymous_25)
FNDA:0,(anonymous_26)
FNDA:0,(anonymous_27)
FNDA:0,(anonymous_28)
FNDA:0,(anonymous_29)
FNDA:0,(anonymous_30)
FNDA:0,(anonymous_31)
FNDA:0,(anonymous_32)
FNDA:0,(anonymous_33)
FNDA:0,(anonymous_34)
FNDA:0,(anonymous_35)
FNDA:0,(anonymous_36)
FNDA:0,(anonymous_37)
FNDA:0,(anonymous_38)
FNDA:0,(anonymous_39)
FNDA:0,(anonymous_40)
FNDA:0,(anonymous_41)
FNDA:0,(anonymous_42)
FNDA:0,(anonymous_43)
FNDA:0,(anonymous_44)
FNDA:0,(anonymous_45)
FNDA:0,(anonymous_46)
FNDA:0,(anonymous_47)
FNDA:0,(anonymous_48)
FNDA:0,(anonymous_49)
FNDA:0,(anonymous_50)
FNDA:0,(anonymous_51)
FNDA:0,(anonymous_52)
FNDA:0,(anonymous_53)
FNDA:0,(anonymous_54)
FNDA:0,(anonymous_55)
FNDA:0,(anonymous_56)
FNDA:0,(anonymous_57)
FNDA:0,(anonymous_58)
FNDA:0,(anonymous_59)
FNDA:0,(anonymous_60)
FNDA:0,(anonymous_61)
FNDA:0,(anonymous_62)
FNDA:0,(anonymous_63)
FNDA:0,(anonymous_64)
FNDA:0,(anonymous_65)
FNDA:0,(anonymous_66)
FNDA:0,(anonymous_67)
FNDA:0,(anonymous_68)
FNDA:0,(anonymous_69)
FNDA:0,(anonymous_70)
DA:20,0
DA:21,0
DA:29,0
DA:30,0
DA:31,0
DA:33,0
DA:34,0
DA:36,0
DA:37,0
DA:40,0
DA:41,0
DA:42,0
DA:46,0
DA:47,0
DA:48,0
DA:49,0
DA:50,0
DA:58,0
DA:59,0
DA:60,0
DA:61,0
DA:62,0
DA:63,0
DA:64,0
DA:65,0
DA:66,0
DA:67,0
DA:68,0
DA:69,0
DA:70,0
DA:71,0
DA:72,0
DA:73,0
DA:74,0
DA:76,0
DA:77,0
DA:79,0
DA:80,0
DA:81,0
DA:82,0
DA:83,0
DA:84,0
DA:86,0
DA:89,0
DA:92,0
DA:93,0
DA:94,0
DA:97,0
DA:98,0
DA:99,0
DA:100,0
DA:104,0
DA:105,0
DA:106,0
DA:107,0
DA:108,0
DA:109,0
DA:110,0
DA:112,0
DA:113,0
DA:114,0
DA:117,0
DA:118,0
DA:122,0
DA:127,0
DA:128,0
DA:129,0
DA:131,0
DA:135,0
DA:136,0
DA:138,0
DA:139,0
DA:156,0
DA:157,0
DA:158,0
DA:160,0
DA:161,0
DA:162,0
DA:164,0
DA:165,0
DA:166,0
DA:167,0
DA:168,0
DA:169,0
DA:170,0
DA:175,0
DA:177,0
DA:178,0
DA:183,0
DA:184,0
DA:186,0
DA:187,0
DA:188,0
DA:189,0
DA:191,0
DA:194,0
DA:199,0
DA:200,0
DA:201,0
DA:203,0
DA:207,0
DA:208,0
DA:209,0
DA:210,0
DA:211,0
DA:212,0
DA:213,0
DA:215,0
DA:216,0
DA:217,0
DA:218,0
DA:220,0
DA:221,0
DA:222,0
DA:223,0
DA:224,0
DA:227,0
DA:228,0
DA:229,0
DA:232,0
DA:233,0
DA:234,0
DA:237,0
DA:239,0
DA:240,0
DA:241,0
DA:244,0
DA:245,0
DA:246,0
DA:247,0
DA:248,0
DA:254,0
DA:255,0
DA:257,0
DA:258,0
DA:259,0
DA:260,0
DA:261,0
DA:262,0
DA:263,0
DA:264,0
DA:265,0
DA:266,0
DA:267,0
DA:271,0
DA:272,0
DA:275,0
DA:276,0
DA:281,0
DA:282,0
DA:283,0
DA:284,0
DA:285,0
DA:290,0
DA:292,0
DA:293,0
DA:295,0
DA:296,0
DA:297,0
DA:300,0
DA:301,0
DA:302,0
DA:304,0
DA:305,0
DA:311,0
DA:312,0
DA:314,0
DA:315,0
DA:316,0
DA:317,0
DA:319,0
DA:320,0
DA:325,0
DA:326,0
DA:328,0
DA:329,0
DA:330,0
DA:331,0
DA:334,0
DA:335,0
DA:336,0
DA:337,0
DA:339,0
DA:340,0
DA:343,0
DA:344,0
DA:347,0
DA:348,0
DA:350,0
DA:351,0
DA:352,0
DA:354,0
DA:356,0
DA:357,0
DA:359,0
DA:360,0
DA:364,0
DA:365,0
DA:367,0
DA:368,0
DA:369,0
DA:370,0
DA:371,0
DA:372,0
DA:373,0
DA:377,0
DA:378,0
DA:381,0
DA:382,0
DA:387,0
DA:388,0
DA:389,0
DA:390,0
DA:391,0
DA:396,0
DA:397,0
DA:398,0
DA:401,0
DA:403,0
DA:404,0
DA:405,0
DA:408,0
DA:409,0
DA:410,0
DA:411,0
DA:412,0
DA:418,0
DA:421,0
DA:422,0
DA:438,0
DA:439,0
DA:440,0
DA:443,0
DA:444,0
DA:445,0
DA:446,0
DA:449,0
DA:450,0
DA:451,0
DA:454,0
DA:455,0
DA:457,0
DA:458,0
DA:459,0
DA:462,0
DA:463,0
DA:467,0
DA:468,0
DA:469,0
DA:470,0
DA:481,0
DA:482,0
DA:484,0
DA:488,0
DA:490,0
DA:491,0
DA:492,0
DA:494,0
DA:495,0
DA:498,0
DA:499,0
DA:500,0
DA:504,0
DA:505,0
DA:506,0
DA:508,0
DA:509,0
DA:515,0
DA:516,0
DA:519,0
DA:521,0
DA:522,0
DA:523,0
DA:524,0
DA:526,0
DA:527,0
DA:529,0
DA:530,0
DA:535,0
DA:537,0
DA:538,0
DA:540,0
DA:541,0
DA:542,0
DA:544,0
DA:546,0
DA:547,0
DA:548,0
DA:549,0
DA:551,0
DA:555,0
DA:556,0
DA:557,0
DA:558,0
DA:559,0
DA:562,0
DA:563,0
DA:564,0
DA:565,0
DA:566,0
DA:568,0
DA:569,0
DA:570,0
DA:571,0
DA:572,0
DA:577,0
DA:578,0
DA:579,0
DA:580,0
DA:583,0
DA:584,0
DA:585,0
DA:586,0
DA:587,0
DA:588,0
DA:589,0
DA:592,0
DA:593,0
DA:594,0
DA:598,0
DA:599,0
DA:600,0
DA:602,0
DA:603,0
DA:609,0
DA:612,0
DA:613,0
DA:615,0
DA:616,0
DA:617,0
DA:620,0
DA:622,0
DA:623,0
DA:624,0
DA:627,0
DA:628,0
DA:629,0
DA:630,0
DA:631,0
DA:637,0
DA:638,0
DA:640,0
DA:641,0
DA:642,0
DA:643,0
DA:644,0
DA:645,0
DA:646,0
DA:647,0
DA:648,0
DA:649,0
DA:650,0
DA:654,0
DA:655,0
DA:658,0
DA:659,0
DA:664,0
DA:665,0
DA:666,0
DA:667,0
DA:668,0
DA:673,0
DA:675,0
DA:676,0
DA:678,0
DA:679,0
DA:680,0
DA:682,0
DA:684,0
DA:685,0
DA:686,0
DA:687,0
DA:688,0
DA:694,0
DA:696,0
DA:697,0
DA:698,0
DA:699,0
DA:700,0
DA:701,0
DA:703,0
DA:704,0
DA:705,0
DA:706,0
DA:707,0
DA:709,0
DA:712,0
DA:713,0
DA:714,0
DA:715,0
DA:716,0
DA:717,0
DA:721,0
DA:722,0
DA:723,0
DA:728,0
DA:729,0
DA:730,0
DA:731,0
DA:734,0
DA:735,0
DA:737,0
DA:738,0
DA:739,0
DA:741,0
DA:743,0
DA:744,0
DA:745,0
DA:746,0
DA:752,0
DA:753,0
DA:754,0
DA:760,0
DA:764,0
DA:765,0
DA:766,0
DA:767,0
DA:771,0
DA:784,0
DA:786,0
DA:787,0
DA:788,0
DA:789,0
DA:793,0
DA:794,0
DA:795,0
DA:796,0
DA:801,0
DA:804,0
DA:807,0
DA:811,0
DA:815,0
DA:820,0
DA:821,0
DA:823,0
DA:828,0
DA:829,0
DA:835,0
DA:841,0
DA:843,0
DA:846,0
DA:849,0
DA:850,0
DA:851,0
DA:852,0
DA:855,0
DA:856,0
DA:861,0
DA:862,0
DA:863,0
DA:864,0
DA:867,0
DA:868,0
DA:873,0
DA:874,0
DA:876,0
DA:881,0
DA:882,0
DA:884,0
DA:889,0
DA:890,0
DA:900,0
DA:908,0
DA:910,0
DA:917,0
DA:919,0
DA:920,0
DA:923,0
DA:924,0
DA:925,0
DA:926,0
DA:927,0
DA:928,0
DA:932,0
DA:934,0
DA:937,0
DA:938,0
DA:939,0
DA:940,0
DA:941,0
DA:942,0
DA:943,0
DA:945,0
DA:946,0
DA:947,0
DA:948,0
DA:949,0
DA:951,0
DA:952,0
DA:953,0
DA:954,0
DA:955,0
DA:958,0
DA:959,0
DA:960,0
DA:962,0
DA:963,0
DA:964,0
DA:970,0
DA:971,0
DA:972,0
DA:974,0
DA:975,0
DA:976,0
DA:980,0
DA:984,0
DA:985,0
DA:986,0
DA:987,0
DA:988,0
DA:989,0
DA:990,0
DA:991,0
DA:992,0
DA:993,0
DA:994,0
DA:995,0
DA:998,0
DA:1000,0
DA:1001,0
DA:1002,0
DA:1003,0
DA:1004,0
DA:1005,0
DA:1006,0
DA:1009,0
DA:1014,0
DA:1015,0
DA:1020,0
DA:1025,0
DA:1030,0
DA:1031,0
DA:1036,0
DA:1037,0
DA:1038,0
DA:1039,0
DA:1040,0
DA:1044,0
DA:1168,0
DA:1196,0
DA:1352,0
LF:541
LH:0
BRDA:21,0,0,0
BRDA:21,0,1,0
BRDA:21,0,2,0
BRDA:21,0,3,0
BRDA:33,1,0,0
BRDA:33,1,1,0
BRDA:33,2,0,0
BRDA:33,2,1,0
BRDA:79,3,0,0
BRDA:79,3,1,0
BRDA:80,4,0,0
BRDA:80,4,1,0
BRDA:81,5,0,0
BRDA:81,5,1,0
BRDA:82,6,0,0
BRDA:82,6,1,0
BRDA:98,7,0,0
BRDA:98,7,1,0
BRDA:98,8,0,0
BRDA:98,8,1,0
BRDA:104,9,0,0
BRDA:104,9,1,0
BRDA:106,10,0,0
BRDA:106,10,1,0
BRDA:108,11,0,0
BRDA:108,11,1,0
BRDA:108,12,0,0
BRDA:108,12,1,0
BRDA:110,13,0,0
BRDA:110,13,1,0
BRDA:110,14,0,0
BRDA:110,14,1,0
BRDA:113,15,0,0
BRDA:113,15,1,0
BRDA:113,16,0,0
BRDA:113,16,1,0
BRDA:118,17,0,0
BRDA:118,17,1,0
BRDA:118,18,0,0
BRDA:118,18,1,0
BRDA:128,19,0,0
BRDA:128,19,1,0
BRDA:136,20,0,0
BRDA:136,20,1,0
BRDA:184,21,0,0
BRDA:184,21,1,0
BRDA:184,22,0,0
BRDA:184,22,1,0
BRDA:187,23,0,0
BRDA:187,23,1,0
BRDA:187,24,0,0
BRDA:187,24,1,0
BRDA:200,25,0,0
BRDA:200,25,1,0
BRDA:209,26,0,0
BRDA:209,26,1,0
BRDA:209,27,0,0
BRDA:209,27,1,0
BRDA:215,28,0,0
BRDA:215,28,1,0
BRDA:220,29,0,0
BRDA:220,29,1,0
BRDA:227,30,0,0
BRDA:227,30,1,0
BRDA:227,31,0,0
BRDA:227,31,1,0
BRDA:237,32,0,0
BRDA:237,32,1,0
BRDA:237,33,0,0
BRDA:237,33,1,0
BRDA:239,34,0,0
BRDA:239,34,1,0
BRDA:245,35,0,0
BRDA:245,35,1,0
BRDA:245,36,0,0
BRDA:245,36,1,0
BRDA:258,37,0,0
BRDA:258,37,1,0
BRDA:258,38,0,0
BRDA:258,38,1,0
BRDA:260,39,0,0
BRDA:260,39,1,0
BRDA:260,40,0,0
BRDA:260,40,1,0
BRDA:263,41,0,0
BRDA:263,41,1,0
BRDA:263,42,0,0
BRDA:263,42,1,0
BRDA:266,43,0,0
BRDA:266,43,1,0
BRDA:266,44,0,0
BRDA:266,44,1,0
BRDA:266,44,2,0
BRDA:275,45,0,0
BRDA:275,45,1,0
BRDA:282,46,0,0
BRDA:282,46,1,0
BRDA:282,47,0,0
BRDA:282,47,1,0
BRDA:292,48,0,0
BRDA:292,48,1,0
BRDA:295,49,0,0
BRDA:295,49,1,0
BRDA:300,50,0,0
BRDA:300,50,1,0
BRDA:300,51,0,0
BRDA:300,51,1,0
BRDA:314,52,0,0
BRDA:314,52,1,0
BRDA:314,52,2,0
BRDA:315,53,0,0
BRDA:315,53,1,0
BRDA:315,54,0,0
BRDA:315,54,1,0
BRDA:315,54,2,0
BRDA:326,55,0,0
BRDA:326,55,1,0
BRDA:326,56,0,0
BRDA:326,56,1,0
BRDA:328,57,0,0
BRDA:328,57,1,0
BRDA:329,58,0,0
BRDA:329,58,1,0
BRDA:347,59,0,0
BRDA:347,59,1,0
BRDA:350,60,0,0
BRDA:350,60,1,0
BRDA:368,61,0,0
BRDA:368,61,1,0
BRDA:370,62,0,0
BRDA:370,62,1,0
BRDA:372,63,0,0
BRDA:372,63,1,0
BRDA:381,64,0,0
BRDA:381,64,1,0
BRDA:388,65,0,0
BRDA:388,65,1,0
BRDA:388,66,0,0
BRDA:388,66,1,0
BRDA:401,67,0,0
BRDA:401,67,1,0
BRDA:401,68,0,0
BRDA:401,68,1,0
BRDA:403,69,0,0
BRDA:403,69,1,0
BRDA:409,70,0,0
BRDA:409,70,1,0
BRDA:409,71,0,0
BRDA:409,71,1,0
BRDA:444,72,0,0
BRDA:444,72,1,0
BRDA:449,73,0,0
BRDA:449,73,1,0
BRDA:468,74,0,0
BRDA:468,74,1,0
BRDA:490,75,0,0
BRDA:490,75,1,0
BRDA:505,76,0,0
BRDA:505,76,1,0
BRDA:505,77,0,0
BRDA:505,77,1,0
BRDA:508,78,0,0
BRDA:508,78,1,0
BRDA:508,79,0,0
BRDA:508,79,1,0
BRDA:515,80,0,0
BRDA:515,80,1,0
BRDA:515,81,0,0
BRDA:515,81,1,0
BRDA:515,81,2,0
BRDA:523,82,0,0
BRDA:523,82,1,0
BRDA:523,83,0,0
BRDA:523,83,1,0
BRDA:537,84,0,0
BRDA:537,84,1,0
BRDA:540,85,0,0
BRDA:540,85,1,0
BRDA:546,86,0,0
BRDA:546,86,1,0
BRDA:547,87,0,0
BRDA:547,87,1,0
BRDA:555,88,0,0
BRDA:555,88,1,0
BRDA:562,89,0,0
BRDA:562,89,1,0
BRDA:564,90,0,0
BRDA:564,90,1,0
BRDA:564,91,0,0
BRDA:564,91,1,0
BRDA:568,92,0,0
BRDA:568,92,1,0
BRDA:570,93,0,0
BRDA:570,93,1,0
BRDA:579,94,0,0
BRDA:579,94,1,0
BRDA:579,95,0,0
BRDA:579,95,1,0
BRDA:579,95,2,0
BRDA:583,96,0,0
BRDA:583,96,1,0
BRDA:586,97,0,0
BRDA:586,97,1,0
BRDA:593,98,0,0
BRDA:593,98,1,0
BRDA:593,98,2,0
BRDA:593,98,3,0
BRDA:599,99,0,0
BRDA:599,99,1,0
BRDA:599,100,0,0
BRDA:599,100,1,0
BRDA:602,101,0,0
BRDA:602,101,1,0
BRDA:602,102,0,0
BRDA:602,102,1,0
BRDA:612,103,0,0
BRDA:612,103,1,0
BRDA:612,104,0,0
BRDA:612,104,1,0
BRDA:620,105,0,0
BRDA:620,105,1,0
BRDA:620,106,0,0
BRDA:620,106,1,0
BRDA:622,107,0,0
BRDA:622,107,1,0
BRDA:628,108,0,0
BRDA:628,108,1,0
BRDA:628,109,0,0
BRDA:628,109,1,0
BRDA:641,110,0,0
BRDA:641,110,1,0
BRDA:641,111,0,0
BRDA:641,111,1,0
BRDA:643,112,0,0
BRDA:643,112,1,0
BRDA:643,113,0,0
BRDA:643,113,1,0
BRDA:646,114,0,0
BRDA:646,114,1,0
BRDA:646,115,0,0
BRDA:646,115,1,0
BRDA:649,116,0,0
BRDA:649,116,1,0
BRDA:649,117,0,0
BRDA:649,117,1,0
BRDA:649,117,2,0
BRDA:658,118,0,0
BRDA:658,118,1,0
BRDA:665,119,0,0
BRDA:665,119,1,0
BRDA:665,120,0,0
BRDA:665,120,1,0
BRDA:675,121,0,0
BRDA:675,121,1,0
BRDA:678,122,0,0
BRDA:678,122,1,0
BRDA:684,123,0,0
BRDA:684,123,1,0
BRDA:684,124,0,0
BRDA:684,124,1,0
BRDA:700,125,0,0
BRDA:700,125,1,0
BRDA:700,126,0,0
BRDA:700,126,1,0
BRDA:703,127,0,0
BRDA:703,127,1,0
BRDA:707,128,0,0
BRDA:707,128,1,0
BRDA:707,129,0,0
BRDA:707,129,1,0
BRDA:707,129,2,0
BRDA:713,130,0,0
BRDA:713,130,1,0
BRDA:713,130,2,0
BRDA:714,131,0,0
BRDA:714,131,1,0
BRDA:714,132,0,0
BRDA:714,132,1,0
BRDA:722,133,0,0
BRDA:722,133,1,0
BRDA:722,133,2,0
BRDA:729,134,0,0
BRDA:729,134,1,0
BRDA:734,135,0,0
BRDA:734,135,1,0
BRDA:737,136,0,0
BRDA:737,136,1,0
BRDA:743,137,0,0
BRDA:743,137,1,0
BRDA:744,138,0,0
BRDA:744,138,1,0
BRDA:753,139,0,0
BRDA:753,139,1,0
BRDA:753,140,0,0
BRDA:753,140,1,0
BRDA:753,140,2,0
BRDA:764,141,0,0
BRDA:765,142,0,0
BRDA:765,142,1,0
BRDA:765,143,0,0
BRDA:765,143,1,0
BRDA:784,144,0,0
BRDA:784,144,1,0
BRDA:784,145,0,0
BRDA:784,145,1,0
BRDA:788,146,0,0
BRDA:788,146,1,0
BRDA:788,147,0,0
BRDA:788,147,1,0
BRDA:820,148,0,0
BRDA:820,148,1,0
BRDA:873,149,0,0
BRDA:873,149,1,0
BRDA:881,150,0,0
BRDA:881,150,1,0
BRDA:889,151,0,0
BRDA:889,151,1,0
BRDA:924,152,0,0
BRDA:924,152,1,0
BRDA:926,153,0,0
BRDA:926,153,1,0
BRDA:928,154,0,0
BRDA:928,154,1,0
BRDA:932,155,0,0
BRDA:932,155,1,0
BRDA:932,156,0,0
BRDA:932,156,1,0
BRDA:937,157,0,0
BRDA:937,157,1,0
BRDA:939,158,0,0
BRDA:939,158,1,0
BRDA:945,159,0,0
BRDA:945,159,1,0
BRDA:951,160,0,0
BRDA:951,160,1,0
BRDA:974,161,0,0
BRDA:974,161,1,0
BRDA:984,162,0,0
BRDA:984,162,1,0
BRDA:984,163,0,0
BRDA:984,163,1,0
BRDA:985,164,0,0
BRDA:985,164,1,0
BRDA:992,165,0,0
BRDA:992,165,1,0
BRDA:994,166,0,0
BRDA:994,166,1,0
BRDA:1003,167,0,0
BRDA:1003,167,1,0
BRDA:1005,168,0,0
BRDA:1005,168,1,0
BRDA:1014,169,0,0
BRDA:1014,169,1,0
BRDA:1025,170,0,0
BRDA:1025,170,1,0
BRDA:1025,171,0,0
BRDA:1025,171,1,0
BRDA:1030,172,0,0
BRDA:1030,172,1,0
BRDA:1037,173,0,0
BRDA:1037,173,1,0
BRDA:1065,174,0,0
BRDA:1065,174,1,0
BRDA:1070,175,0,0
BRDA:1070,175,1,0
BRDA:1085,176,0,0
BRDA:1085,176,1,0
BRDA:1091,177,0,0
BRDA:1091,177,1,0
BRDA:1104,178,0,0
BRDA:1104,178,1,0
BRDA:1111,179,0,0
BRDA:1111,179,1,0
BRDA:1151,180,0,0
BRDA:1151,180,1,0
BRDA:1171,181,0,0
BRDA:1171,181,1,0
BRDA:1172,182,0,0
BRDA:1172,182,1,0
BRDA:1181,183,0,0
BRDA:1181,183,1,0
BRDA:1181,183,2,0
BRDA:1200,184,0,0
BRDA:1200,184,1,0
BRDA:1206,185,0,0
BRDA:1206,185,1,0
BRDA:1212,186,0,0
BRDA:1212,186,1,0
BRDA:1221,187,0,0
BRDA:1221,187,1,0
BRDA:1237,188,0,0
BRDA:1237,188,1,0
BRDA:1254,189,0,0
BRDA:1254,189,1,0
BRDA:1271,190,0,0
BRDA:1271,190,1,0
BRDA:1299,191,0,0
BRDA:1299,191,1,0
BRDA:1301,192,0,0
BRDA:1301,192,1,0
BRDA:1304,193,0,0
BRDA:1304,193,1,0
BRDA:1309,194,0,0
BRDA:1309,194,1,0
BRDA:1313,195,0,0
BRDA:1313,195,1,0
BRF:406
BRH:0
end_of_record
TN:
SF:screens\DeviceManagementScreen.js
FN:18,DeviceManagementScreen
FN:33,(anonymous_1)
FN:38,(anonymous_2)
FN:157,(anonymous_3)
FN:159,(anonymous_4)
FN:165,(anonymous_5)
FN:188,(anonymous_6)
FNF:7
FNH:0
FNDA:0,DeviceManagementScreen
FNDA:0,(anonymous_1)
FNDA:0,(anonymous_2)
FNDA:0,(anonymous_3)
FNDA:0,(anonymous_4)
FNDA:0,(anonymous_5)
FNDA:0,(anonymous_6)
DA:19,0
DA:31,0
DA:33,0
DA:34,0
DA:37,0
DA:39,0
DA:44,0
DA:95,0
DA:96,0
DA:111,0
DA:157,0
DA:160,0
DA:165,0
DA:189,0
LF:14
LH:0
BRDA:49,0,0,0
BRDA:49,0,1,0
BRDA:79,1,0,0
BRDA:79,1,1,0
BRDA:88,2,0,0
BRDA:88,2,1,0
BRDA:95,3,0,0
BRDA:95,3,1,0
BRDA:115,4,0,0
BRDA:115,4,1,0
BRDA:121,5,0,0
BRDA:121,5,1,0
BRDA:122,6,0,0
BRDA:122,6,1,0
BRDA:125,7,0,0
BRDA:125,7,1,0
BRDA:125,7,2,0
BRDA:127,8,0,0
BRDA:127,8,1,0
BRDA:129,9,0,0
BRDA:129,9,1,0
BRDA:135,10,0,0
BRDA:135,10,1,0
BRDA:135,11,0,0
BRDA:135,11,1,0
BRDA:139,12,0,0
BRDA:139,12,1,0
BRDA:141,13,0,0
BRDA:141,13,1,0
BRDA:150,14,0,0
BRDA:150,14,1,0
BRDA:150,15,0,0
BRDA:150,15,1,0
BRDA:157,16,0,0
BRDA:157,16,1,0
BRDA:157,16,2,0
BRDA:163,17,0,0
BRDA:163,17,1,0
BRDA:170,18,0,0
BRDA:170,18,1,0
BRDA:185,19,0,0
BRDA:185,19,1,0
BRF:42
BRH:0
end_of_record
TN:
SF:screens\HomeScreen.js
FN:20,HomeScreen
FN:28,(anonymous_1)
FN:35,(anonymous_2)
FN:36,(anonymous_3)
FN:65,(anonymous_4)
FN:71,(anonymous_5)
FN:77,(anonymous_6)
FN:83,(anonymous_7)
FN:87,(anonymous_8)
FN:95,(anonymous_9)
FN:103,(anonymous_10)
FN:266,(anonymous_11)
FN:274,(anonymous_12)
FN:301,(anonymous_13)
FN:336,(anonymous_14)
FN:354,(anonymous_15)
FN:371,(anonymous_16)
FN:391,(anonymous_17)
FNF:18
FNH:0
FNDA:0,HomeScreen
FNDA:0,(anonymous_1)
FNDA:0,(anonymous_2)
FNDA:0,(anonymous_3)
FNDA:0,(anonymous_4)
FNDA:0,(anonymous_5)
FNDA:0,(anonymous_6)
FNDA:0,(anonymous_7)
FNDA:0,(anonymous_8)
FNDA:0,(anonymous_9)
FNDA:0,(anonymous_10)
FNDA:0,(anonymous_11)
FNDA:0,(anonymous_12)
FNDA:0,(anonymous_13)
FNDA:0,(anonymous_14)
FNDA:0,(anonymous_15)
FNDA:0,(anonymous_16)
FNDA:0,(anonymous_17)
DA:18,0
DA:21,0
DA:22,0
DA:23,0
DA:24,0
DA:25,0
DA:26,0
DA:28,0
DA:29,0
DA:30,0
DA:31,0
DA:32,0
DA:35,0
DA:36,0
DA:37,0
DA:39,0
DA:40,0
DA:41,0
DA:43,0
DA:44,0
DA:45,0
DA:50,0
DA:53,0
DA:57,0
DA:60,0
DA:65,0
DA:71,0
DA:77,0
DA:83,0
DA:87,0
DA:88,0
DA:89,0
DA:90,0
DA:92,0
DA:95,0
DA:96,0
DA:97,0
DA:98,0
DA:100,0
DA:103,0
DA:104,0
DA:106,0
DA:107,0
DA:108,0
DA:115,0
DA:117,0
DA:121,0
DA:253,0
DA:266,0
DA:274,0
DA:302,0
DA:336,0
DA:354,0
DA:371,0
DA:392,0
DA:393,0
DA:395,0
DA:411,0
LF:58
LH:0
BRDA:30,0,0,0
BRDA:30,0,1,0
BRDA:31,1,0,0
BRDA:31,1,1,0
BRDA:37,2,0,0
BRDA:37,2,1,0
BRDA:43,3,0,0
BRDA:43,3,1,0
BRDA:46,4,0,0
BRDA:46,4,1,0
BRDA:47,5,0,0
BRDA:47,5,1,0
BRDA:48,6,0,0
BRDA:48,6,1,0
BRDA:88,7,0,0
BRDA:88,7,1,0
BRDA:96,8,0,0
BRDA:96,8,1,0
BRDA:104,9,0,0
BRDA:104,9,1,0
BRDA:104,10,0,0
BRDA:104,10,1,0
BRDA:227,11,0,0
BRDA:227,11,1,0
BRDA:249,12,0,0
BRDA:249,12,1,0
BRDA:260,13,0,0
BRDA:260,13,1,0
BRDA:286,14,0,0
BRDA:286,14,1,0
BRDA:288,15,0,0
BRDA:288,15,1,0
BRDA:291,16,0,0
BRDA:291,16,1,0
BRDA:307,17,0,0
BRDA:307,17,1,0
BRDA:307,17,2,0
BRDA:310,18,0,0
BRDA:310,18,1,0
BRDA:316,19,0,0
BRDA:316,19,1,0
BRDA:316,20,0,0
BRDA:316,20,1,0
BRDA:331,21,0,0
BRDA:331,21,1,0
BRDA:334,22,0,0
BRDA:334,22,1,0
BRDA:349,23,0,0
BRDA:349,23,1,0
BRDA:352,24,0,0
BRDA:352,24,1,0
BRDA:367,25,0,0
BRDA:367,25,1,0
BRDA:384,26,0,0
BRDA:384,26,1,0
BRDA:392,27,0,0
BRDA:392,27,1,0
BRDA:401,28,0,0
BRDA:401,28,1,0
BRF:59
BRH:0
end_of_record
TN:
SF:screens\LocationScreen.js
FN:26,LocationScreen
FN:40,(anonymous_1)
FN:47,(anonymous_2)
FN:52,(anonymous_3)
FN:69,(anonymous_4)
FN:72,(anonymous_5)
FN:85,(anonymous_6)
FN:87,(anonymous_7)
FN:94,(anonymous_8)
FN:113,(anonymous_9)
FN:159,(anonymous_10)
FN:192,(anonymous_11)
FN:215,(anonymous_12)
FN:251,(anonymous_13)
FN:427,(anonymous_14)
FN:766,(anonymous_15)
FN:770,(anonymous_16)
FN:803,(anonymous_17)
FN:807,(anonymous_18)
FN:811,(anonymous_19)
FN:822,(anonymous_20)
FN:866,(anonymous_21)
FN:872,(anonymous_22)
FN:878,(anonymous_23)
FN:942,(anonymous_24)
FN:950,(anonymous_25)
FN:992,(anonymous_26)
FNF:27
FNH:0
FNDA:0,LocationScreen
FNDA:0,(anonymous_1)
FNDA:0,(anonymous_2)
FNDA:0,(anonymous_3)
FNDA:0,(anonymous_4)
FNDA:0,(anonymous_5)
FNDA:0,(anonymous_6)
FNDA:0,(anonymous_7)
FNDA:0,(anonymous_8)
FNDA:0,(anonymous_9)
FNDA:0,(anonymous_10)
FNDA:0,(anonymous_11)
FNDA:0,(anonymous_12)
FNDA:0,(anonymous_13)
FNDA:0,(anonymous_14)
FNDA:0,(anonymous_15)
FNDA:0,(anonymous_16)
FNDA:0,(anonymous_17)
FNDA:0,(anonymous_18)
FNDA:0,(anonymous_19)
FNDA:0,(anonymous_20)
FNDA:0,(anonymous_21)
FNDA:0,(anonymous_22)
FNDA:0,(anonymous_23)
FNDA:0,(anonymous_24)
FNDA:0,(anonymous_25)
FNDA:0,(anonymous_26)
DA:18,0
DA:19,0
DA:20,0
DA:22,0
DA:27,0
DA:28,0
DA:29,0
DA:30,0
DA:31,0
DA:32,0
DA:33,0
DA:34,0
DA:35,0
DA:36,0
DA:37,0
DA:38,0
DA:40,0
DA:41,0
DA:42,0
DA:43,0
DA:45,0
DA:46,0
DA:47,0
DA:52,0
DA:53,0
DA:54,0
DA:55,0
DA:56,0
DA:57,0
DA:58,0
DA:59,0
DA:60,0
DA:61,0
DA:62,0
DA:64,0
DA:69,0
DA:72,0
DA:73,0
DA:74,0
DA:80,0
DA:85,0
DA:86,0
DA:87,0
DA:94,0
DA:95,0
DA:96,0
DA:97,0
DA:98,0
DA:99,0
DA:105,0
DA:108,0
DA:113,0
DA:114,0
DA:115,0
DA:116,0
DA:119,0
DA:120,0
DA:121,0
DA:122,0
DA:123,0
DA:124,0
DA:125,0
DA:129,0
DA:132,0
DA:140,0
DA:141,0
DA:148,0
DA:151,0
DA:152,0
DA:154,0
DA:159,0
DA:160,0
DA:164,0
DA:165,0
DA:171,0
DA:174,0
DA:182,0
DA:183,0
DA:192,0
DA:193,0
DA:194,0
DA:200,0
DA:201,0
DA:203,0
DA:204,0
DA:210,0
DA:215,0
DA:216,0
DA:217,0
DA:220,0
DA:221,0
DA:230,0
DA:231,0
DA:240,0
DA:241,0
DA:250,0
DA:251,0
DA:252,0
DA:261,0
DA:427,0
DA:428,0
DA:429,0
DA:430,0
DA:431,0
DA:435,0
DA:436,0
DA:439,0
DA:443,0
DA:720,0
DA:767,0
DA:770,0
DA:804,0
DA:805,0
DA:808,0
DA:809,0
DA:812,0
DA:823,0
DA:824,0
DA:825,0
DA:826,0
DA:866,0
DA:872,0
DA:878,0
DA:942,0
DA:951,0
DA:992,0
DA:1011,0
LF:127
LH:0
BRDA:41,0,0,0
BRDA:41,0,1,0
BRDA:45,1,0,0
BRDA:45,1,1,0
BRDA:46,2,0,0
BRDA:46,2,1,0
BRDA:53,3,0,0
BRDA:53,3,1,0
BRDA:54,4,0,0
BRDA:54,4,1,0
BRDA:55,5,0,0
BRDA:55,5,1,0
BRDA:56,6,0,0
BRDA:56,6,1,0
BRDA:69,7,0,0
BRDA:69,7,1,0
BRDA:73,8,0,0
BRDA:73,8,1,0
BRDA:73,9,0,0
BRDA:73,9,1,0
BRDA:86,10,0,0
BRDA:86,10,1,0
BRDA:97,11,0,0
BRDA:97,11,1,0
BRDA:97,12,0,0
BRDA:97,12,1,0
BRDA:114,13,0,0
BRDA:114,13,1,0
BRDA:122,14,0,0
BRDA:122,14,1,0
BRDA:122,15,0,0
BRDA:122,15,1,0
BRDA:140,16,0,0
BRDA:140,16,1,0
BRDA:182,17,0,0
BRDA:182,17,1,0
BRDA:193,18,0,0
BRDA:193,18,1,0
BRDA:193,19,0,0
BRDA:193,19,1,0
BRDA:203,20,0,0
BRDA:203,20,1,0
BRDA:216,21,0,0
BRDA:216,21,1,0
BRDA:216,21,2,0
BRDA:220,22,0,0
BRDA:220,22,1,0
BRDA:230,23,0,0
BRDA:230,23,1,0
BRDA:240,24,0,0
BRDA:240,24,1,0
BRDA:250,25,0,0
BRDA:250,25,1,0
BRDA:430,26,0,0
BRDA:430,26,1,0
BRDA:747,27,0,0
BRDA:747,27,1,0
BRDA:753,28,0,0
BRDA:753,28,1,0
BRDA:764,29,0,0
BRDA:764,29,1,0
BRDA:775,30,0,0
BRDA:775,30,1,0
BRDA:775,30,2,0
BRDA:787,31,0,0
BRDA:787,31,1,0
BRDA:788,32,0,0
BRDA:788,32,1,0
BRDA:819,33,0,0
BRDA:819,33,1,0
BRDA:823,34,0,0
BRDA:823,34,1,0
BRDA:824,35,0,0
BRDA:824,35,1,0
BRDA:893,36,0,0
BRDA:893,36,1,0
BRDA:899,37,0,0
BRDA:899,37,1,0
BRDA:906,38,0,0
BRDA:906,38,1,0
BRDA:917,39,0,0
BRDA:917,39,1,0
BRDA:923,40,0,0
BRDA:923,40,1,0
BRDA:930,41,0,0
BRDA:930,41,1,0
BRDA:949,42,0,0
BRDA:949,42,1,0
BRDA:959,43,0,0
BRDA:959,43,1,0
BRDA:978,44,0,0
BRDA:978,44,1,0
BRF:92
BRH:0
end_of_record
TN:
SF:screens\LoginScreen.js
FN:13,(anonymous_0)
FN:20,(anonymous_1)
FN:73,(anonymous_2)
FNF:3
FNH:2
FNDA:16,(anonymous_0)
FNDA:4,(anonymous_1)
FNDA:0,(anonymous_2)
DA:13,1
DA:14,16
DA:15,16
DA:16,16
DA:17,16
DA:18,16
DA:20,16
DA:21,4
DA:22,4
DA:24,4
DA:25,2
DA:26,2
DA:27,2
DA:29,1
DA:30,1
DA:32,2
DA:37,16
DA:73,0
DA:82,1
LF:19
LH:18
BRDA:24,0,0,2
BRDA:24,0,1,2
BRDA:30,1,0,1
BRDA:30,1,1,0
BRDA:50,2,0,16
BRDA:50,2,1,2
BRDA:60,3,0,16
BRDA:60,3,1,1
BRDA:63,4,0,16
BRDA:63,4,1,2
BRDA:68,5,0,2
BRDA:68,5,1,14
BRDA:71,6,0,16
BRDA:71,6,1,1
BRF:14
BRH:13
end_of_record
TN:
SF:screens\NavigationScreen.js
FN:41,NavigationScreen
FN:65,(anonymous_1)
FN:67,(anonymous_2)
FN:72,(anonymous_3)
FN:83,(anonymous_4)
FN:96,(anonymous_5)
FN:96,(anonymous_6)
FN:110,(anonymous_7)
FN:120,(anonymous_8)
FN:151,(anonymous_9)
FN:153,(anonymous_10)
FN:157,(anonymous_11)
FN:171,(anonymous_12)
FN:177,(anonymous_13)
FN:198,(anonymous_14)
FN:212,(anonymous_15)
FN:220,(anonymous_16)
FN:226,(anonymous_17)
FN:229,(anonymous_18)
FN:250,(anonymous_19)
FN:262,(anonymous_20)
FN:267,(anonymous_21)
FN:274,(anonymous_22)
FN:286,(anonymous_23)
FN:294,(anonymous_24)
FN:336,(anonymous_25)
FN:353,(anonymous_26)
FN:365,(anonymous_27)
FN:389,(anonymous_28)
FN:391,(anonymous_29)
FN:396,(anonymous_30)
FN:401,(anonymous_31)
FN:585,(anonymous_32)
FN:664,(anonymous_33)
FN:680,(anonymous_34)
FN:693,(anonymous_35)
FN:697,(anonymous_36)
FNF:37
FNH:0
FNDA:0,NavigationScreen
FNDA:0,(anonymous_1)
FNDA:0,(anonymous_2)
FNDA:0,(anonymous_3)
FNDA:0,(anonymous_4)
FNDA:0,(anonymous_5)
FNDA:0,(anonymous_6)
FNDA:0,(anonymous_7)
FNDA:0,(anonymous_8)
FNDA:0,(anonymous_9)
FNDA:0,(anonymous_10)
FNDA:0,(anonymous_11)
FNDA:0,(anonymous_12)
FNDA:0,(anonymous_13)
FNDA:0,(anonymous_14)
FNDA:0,(anonymous_15)
FNDA:0,(anonymous_16)
FNDA:0,(anonymous_17)
FNDA:0,(anonymous_18)
FNDA:0,(anonymous_19)
FNDA:0,(anonymous_20)
FNDA:0,(anonymous_21)
FNDA:0,(anonymous_22)
FNDA:0,(anonymous_23)
FNDA:0,(anonymous_24)
FNDA:0,(anonymous_25)
FNDA:0,(anonymous_26)
FNDA:0,(anonymous_27)
FNDA:0,(anonymous_28)
FNDA:0,(anonymous_29)
FNDA:0,(anonymous_30)
FNDA:0,(anonymous_31)
FNDA:0,(anonymous_32)
FNDA:0,(anonymous_33)
FNDA:0,(anonymous_34)
FNDA:0,(anonymous_35)
FNDA:0,(anonymous_36)
DA:21,0
DA:22,0
DA:23,0
DA:25,0
DA:26,0
DA:28,0
DA:29,0
DA:32,0
DA:33,0
DA:36,0
DA:37,0
DA:38,0
DA:39,0
DA:42,0
DA:43,0
DA:44,0
DA:45,0
DA:46,0
DA:47,0
DA:48,0
DA:49,0
DA:50,0
DA:51,0
DA:52,0
DA:53,0
DA:54,0
DA:55,0
DA:56,0
DA:57,0
DA:58,0
DA:59,0
DA:60,0
DA:61,0
DA:62,0
DA:65,0
DA:66,0
DA:67,0
DA:68,0
DA:69,0
DA:70,0
DA:72,0
DA:73,0
DA:74,0
DA:75,0
DA:76,0
DA:79,0
DA:81,0
DA:84,0
DA:85,0
DA:86,0
DA:88,0
DA:89,0
DA:90,0
DA:91,0
DA:96,0
DA:98,0
DA:101,0
DA:103,0
DA:110,0
DA:111,0
DA:112,0
DA:114,0
DA:115,0
DA:116,0
DA:120,0
DA:121,0
DA:122,0
DA:123,0
DA:124,0
DA:125,0
DA:127,0
DA:128,0
DA:129,0
DA:130,0
DA:131,0
DA:136,0
DA:137,0
DA:142,0
DA:145,0
DA:147,0
DA:151,0
DA:152,0
DA:153,0
DA:157,0
DA:158,0
DA:159,0
DA:161,0
DA:162,0
DA:163,0
DA:165,0
DA:166,0
DA:167,0
DA:169,0
DA:171,0
DA:172,0
DA:173,0
DA:177,0
DA:178,0
DA:179,0
DA:180,0
DA:182,0
DA:184,0
DA:185,0
DA:186,0
DA:188,0
DA:189,0
DA:190,0
DA:191,0
DA:192,0
DA:193,0
DA:198,0
DA:199,0
DA:200,0
DA:204,0
DA:211,0
DA:212,0
DA:213,0
DA:215,0
DA:216,0
DA:220,0
DA:221,0
DA:222,0
DA:227,0
DA:230,0
DA:234,0
DA:238,0
DA:242,0
DA:243,0
DA:245,0
DA:250,0
DA:251,0
DA:252,0
DA:253,0
DA:254,0
DA:255,0
DA:256,0
DA:262,0
DA:263,0
DA:264,0
DA:265,0
DA:267,0
DA:268,0
DA:274,0
DA:275,0
DA:277,0
DA:278,0
DA:279,0
DA:280,0
DA:286,0
DA:287,0
DA:289,0
DA:290,0
DA:291,0
DA:294,0
DA:295,0
DA:296,0
DA:299,0
DA:300,0
DA:301,0
DA:302,0
DA:305,0
DA:306,0
DA:309,0
DA:312,0
DA:313,0
DA:314,0
DA:315,0
DA:316,0
DA:317,0
DA:318,0
DA:319,0
DA:321,0
DA:322,0
DA:324,0
DA:327,0
DA:328,0
DA:329,0
DA:336,0
DA:337,0
DA:338,0
DA:339,0
DA:341,0
DA:345,0
DA:346,0
DA:347,0
DA:349,0
DA:353,0
DA:354,0
DA:355,0
DA:356,0
DA:357,0
DA:359,0
DA:360,0
DA:361,0
DA:365,0
DA:366,0
DA:369,0
DA:370,0
DA:371,0
DA:373,0
DA:377,0
DA:378,0
DA:381,0
DA:382,0
DA:383,0
DA:385,0
DA:389,0
DA:390,0
DA:391,0
DA:392,0
DA:396,0
DA:397,0
DA:401,0
DA:403,0
DA:404,0
DA:407,0
DA:577,0
DA:585,0
DA:664,0
DA:680,0
DA:694,0
DA:697,0
DA:771,0
LF:223
LH:0
BRDA:25,0,0,0
BRDA:25,0,1,0
BRDA:25,1,0,0
BRDA:25,1,1,0
BRDA:47,2,0,0
BRDA:47,2,1,0
BRDA:54,3,0,0
BRDA:54,3,1,0
BRDA:66,4,0,0
BRDA:66,4,1,0
BRDA:69,5,0,0
BRDA:69,5,1,0
BRDA:69,6,0,0
BRDA:69,6,1,0
BRDA:74,7,0,0
BRDA:74,7,1,0
BRDA:84,8,0,0
BRDA:84,8,1,0
BRDA:89,9,0,0
BRDA:89,9,1,0
BRDA:90,10,0,0
BRDA:90,10,1,0
BRDA:90,11,0,0
BRDA:90,11,1,0
BRDA:90,11,2,0
BRDA:111,12,0,0
BRDA:111,12,1,0
BRDA:114,13,0,0
BRDA:114,13,1,0
BRDA:121,14,0,0
BRDA:121,14,1,0
BRDA:124,15,0,0
BRDA:124,15,1,0
BRDA:124,16,0,0
BRDA:124,16,1,0
BRDA:129,17,0,0
BRDA:129,17,1,0
BRDA:129,18,0,0
BRDA:129,18,1,0
BRDA:136,19,0,0
BRDA:136,19,1,0
BRDA:142,20,0,0
BRDA:142,20,1,0
BRDA:152,21,0,0
BRDA:152,21,1,0
BRDA:152,22,0,0
BRDA:152,22,1,0
BRDA:158,23,0,0
BRDA:158,23,1,0
BRDA:161,24,0,0
BRDA:161,24,1,0
BRDA:165,25,0,0
BRDA:165,25,1,0
BRDA:169,26,0,0
BRDA:169,26,1,0
BRDA:172,27,0,0
BRDA:172,27,1,0
BRDA:173,28,0,0
BRDA:173,28,1,0
BRDA:178,29,0,0
BRDA:178,29,1,0
BRDA:178,30,0,0
BRDA:178,30,1,0
BRDA:179,31,0,0
BRDA:179,31,1,0
BRDA:179,32,0,0
BRDA:179,32,1,0
BRDA:184,33,0,0
BRDA:184,33,1,0
BRDA:190,34,0,0
BRDA:190,34,1,0
BRDA:190,35,0,0
BRDA:190,35,1,0
BRDA:198,36,0,0
BRDA:199,37,0,0
BRDA:199,37,1,0
BRDA:199,38,0,0
BRDA:199,38,1,0
BRDA:211,39,0,0
BRDA:211,39,1,0
BRDA:211,40,0,0
BRDA:211,40,1,0
BRDA:215,41,0,0
BRDA:215,41,1,0
BRDA:215,42,0,0
BRDA:215,42,1,0
BRDA:242,43,0,0
BRDA:242,43,1,0
BRDA:251,44,0,0
BRDA:251,44,1,0
BRDA:251,45,0,0
BRDA:251,45,1,0
BRDA:254,46,0,0
BRDA:254,46,1,0
BRDA:263,47,0,0
BRDA:263,47,1,0
BRDA:263,48,0,0
BRDA:263,48,1,0
BRDA:263,48,2,0
BRDA:263,48,3,0
BRDA:263,48,4,0
BRDA:263,48,5,0
BRDA:275,49,0,0
BRDA:275,49,1,0
BRDA:275,50,0,0
BRDA:275,50,1,0
BRDA:275,50,2,0
BRDA:277,51,0,0
BRDA:277,51,1,0
BRDA:287,52,0,0
BRDA:287,52,1,0
BRDA:287,53,0,0
BRDA:287,53,1,0
BRDA:287,53,2,0
BRDA:295,54,0,0
BRDA:295,54,1,0
BRDA:295,55,0,0
BRDA:295,55,1,0
BRDA:295,55,2,0
BRDA:299,56,0,0
BRDA:299,56,1,0
BRDA:309,57,0,0
BRDA:309,57,1,0
BRDA:309,58,0,0
BRDA:309,58,1,0
BRDA:314,59,0,0
BRDA:314,59,1,0
BRDA:317,60,0,0
BRDA:317,60,1,0
BRDA:321,61,0,0
BRDA:321,61,1,0
BRDA:327,62,0,0
BRDA:327,62,1,0
BRDA:337,63,0,0
BRDA:337,63,1,0
BRDA:345,64,0,0
BRDA:345,64,1,0
BRDA:354,65,0,0
BRDA:354,65,1,0
BRDA:369,66,0,0
BRDA:369,66,1,0
BRDA:369,67,0,0
BRDA:369,67,1,0
BRDA:381,68,0,0
BRDA:381,68,1,0
BRDA:390,69,0,0
BRDA:390,69,1,0
BRDA:392,70,0,0
BRDA:392,70,1,0
BRDA:579,71,0,0
BRDA:579,71,1,0
BRDA:579,71,2,0
BRDA:595,72,0,0
BRDA:595,72,1,0
BRDA:604,73,0,0
BRDA:604,73,1,0
BRDA:618,74,0,0
BRDA:618,74,1,0
BRDA:619,75,0,0
BRDA:619,75,1,0
BRDA:622,76,0,0
BRDA:622,76,1,0
BRDA:627,77,0,0
BRDA:627,77,1,0
BRDA:633,78,0,0
BRDA:633,78,1,0
BRDA:661,79,0,0
BRDA:661,79,1,0
BRDA:677,80,0,0
BRDA:677,80,1,0
BRDA:710,81,0,0
BRDA:710,81,1,0
BRDA:710,81,2,0
BRDA:710,81,3,0
BRF:174
BRH:0
end_of_record
TN:
SF:screens\ObjectDetectionScreen.js
FN:20,ObjectDetectionScreen
FN:31,(anonymous_1)
FN:33,(anonymous_2)
FN:51,(anonymous_3)
FN:57,(anonymous_4)
FN:77,(anonymous_5)
FN:99,(anonymous_6)
FN:120,(anonymous_7)
FN:135,(anonymous_8)
FN:165,(anonymous_9)
FN:166,(anonymous_10)
FNF:11
FNH:0
FNDA:0,ObjectDetectionScreen
FNDA:0,(anonymous_1)
FNDA:0,(anonymous_2)
FNDA:0,(anonymous_3)
FNDA:0,(anonymous_4)
FNDA:0,(anonymous_5)
FNDA:0,(anonymous_6)
FNDA:0,(anonymous_7)
FNDA:0,(anonymous_8)
FNDA:0,(anonymous_9)
FNDA:0,(anonymous_10)
DA:17,0
DA:18,0
DA:21,0
DA:22,0
DA:23,0
DA:24,0
DA:25,0
DA:26,0
DA:27,0
DA:29,0
DA:31,0
DA:32,0
DA:33,0
DA:34,0
DA:35,0
DA:36,0
DA:37,0
DA:38,0
DA:40,0
DA:41,0
DA:42,0
DA:43,0
DA:45,0
DA:46,0
DA:47,0
DA:48,0
DA:50,0
DA:52,0
DA:55,0
DA:57,0
DA:58,0
DA:59,0
DA:60,0
DA:61,0
DA:63,0
DA:64,0
DA:65,0
DA:67,0
DA:68,0
DA:69,0
DA:70,0
DA:73,0
DA:77,0
DA:80,0
DA:87,0
DA:88,0
DA:99,0
DA:107,0
DA:108,0
DA:114,0
DA:115,0
DA:120,0
DA:128,0
DA:129,0
DA:135,0
DA:143,0
DA:144,0
DA:154,0
DA:166,0
DA:167,0
DA:180,0
LF:61
LH:0
BRDA:17,0,0,0
BRDA:17,0,1,0
BRDA:18,1,0,0
BRDA:18,1,1,0
BRDA:35,2,0,0
BRDA:35,2,1,0
BRDA:35,3,0,0
BRDA:35,3,1,0
BRDA:41,4,0,0
BRDA:41,4,1,0
BRDA:43,5,0,0
BRDA:43,5,1,0
BRDA:46,6,0,0
BRDA:46,6,1,0
BRDA:48,7,0,0
BRDA:48,7,1,0
BRDA:52,8,0,0
BRDA:52,8,1,0
BRDA:55,9,0,0
BRDA:55,9,1,0
BRDA:57,10,0,0
BRDA:57,10,1,0
BRDA:61,11,0,0
BRDA:61,11,1,0
BRDA:67,12,0,0
BRDA:67,12,1,0
BRDA:68,13,0,0
BRDA:68,13,1,0
BRDA:69,14,0,0
BRDA:69,14,1,0
BRDA:69,14,2,0
BRDA:70,15,0,0
BRDA:70,15,1,0
BRDA:87,16,0,0
BRDA:87,16,1,0
BRDA:87,17,0,0
BRDA:87,17,1,0
BRDA:107,18,0,0
BRDA:107,18,1,0
BRDA:114,19,0,0
BRDA:114,19,1,0
BRDA:128,20,0,0
BRDA:128,20,1,0
BRDA:131,21,0,0
BRDA:131,21,1,0
BRDA:143,22,0,0
BRDA:143,22,1,0
BRDA:143,23,0,0
BRDA:143,23,1,0
BRDA:143,23,2,0
BRDA:146,24,0,0
BRDA:146,24,1,0
BRDA:157,25,0,0
BRDA:157,25,1,0
BRDA:167,26,0,0
BRDA:167,26,1,0
BRF:56
BRH:0
end_of_record
TN:
SF:screens\ProfileScreen.js
FN:17,ProfileScreen
FN:33,(anonymous_1)
FN:42,(anonymous_2)
FN:56,(anonymous_3)
FN:57,(anonymous_4)
FN:60,(anonymous_5)
FN:181,(anonymous_6)
FN:188,(anonymous_7)
FN:219,(anonymous_8)
FN:230,(anonymous_9)
FN:243,(anonymous_10)
FN:255,(anonymous_11)
FN:274,(anonymous_12)
FN:286,(anonymous_13)
FN:303,(anonymous_14)
FN:317,(anonymous_15)
FN:347,(anonymous_16)
FN:351,(anonymous_17)
FNF:18
FNH:0
FNDA:0,ProfileScreen
FNDA:0,(anonymous_1)
FNDA:0,(anonymous_2)
FNDA:0,(anonymous_3)
FNDA:0,(anonymous_4)
FNDA:0,(anonymous_5)
FNDA:0,(anonymous_6)
FNDA:0,(anonymous_7)
FNDA:0,(anonymous_8)
FNDA:0,(anonymous_9)
FNDA:0,(anonymous_10)
FNDA:0,(anonymous_11)
FNDA:0,(anonymous_12)
FNDA:0,(anonymous_13)
FNDA:0,(anonymous_14)
FNDA:0,(anonymous_15)
FNDA:0,(anonymous_16)
FNDA:0,(anonymous_17)
DA:18,0
DA:19,0
DA:20,0
DA:21,0
DA:22,0
DA:33,0
DA:34,0
DA:35,0
DA:36,0
DA:38,0
DA:42,0
DA:43,0
DA:53,0
DA:56,0
DA:57,0
DA:60,0
DA:61,0
DA:62,0
DA:63,0
DA:66,0
DA:173,0
DA:181,0
DA:188,0
DA:219,0
DA:230,0
DA:243,0
DA:255,0
DA:274,0
DA:286,0
DA:303,0
DA:317,0
DA:348,0
DA:349,0
DA:351,0
DA:359,0
LF:35
LH:0
BRDA:23,0,0,0
BRDA:23,0,1,0
BRDA:24,1,0,0
BRDA:24,1,1,0
BRDA:25,2,0,0
BRDA:25,2,1,0
BRDA:26,3,0,0
BRDA:26,3,1,0
BRDA:27,4,0,0
BRDA:27,4,1,0
BRDA:28,5,0,0
BRDA:28,5,1,0
BRDA:29,6,0,0
BRDA:29,6,1,0
BRDA:30,7,0,0
BRDA:30,7,1,0
BRDA:44,8,0,0
BRDA:44,8,1,0
BRDA:45,9,0,0
BRDA:45,9,1,0
BRDA:46,10,0,0
BRDA:46,10,1,0
BRDA:47,11,0,0
BRDA:47,11,1,0
BRDA:48,12,0,0
BRDA:48,12,1,0
BRDA:49,13,0,0
BRDA:49,13,1,0
BRDA:50,14,0,0
BRDA:50,14,1,0
BRDA:51,15,0,0
BRDA:51,15,1,0
BRDA:61,16,0,0
BRDA:61,16,1,0
BRDA:62,17,0,0
BRDA:62,17,1,0
BRDA:176,18,0,0
BRDA:176,18,1,0
BRDA:188,19,0,0
BRDA:188,19,1,0
BRDA:191,20,0,0
BRDA:191,20,1,0
BRDA:198,21,0,0
BRDA:198,21,1,0
BRDA:217,22,0,0
BRDA:217,22,1,0
BRDA:228,23,0,0
BRDA:228,23,1,0
BRDA:241,24,0,0
BRDA:241,24,1,0
BRDA:254,25,0,0
BRDA:254,25,1,0
BRDA:255,26,0,0
BRDA:255,26,1,0
BRDA:258,27,0,0
BRDA:258,27,1,0
BRDA:261,28,0,0
BRDA:261,28,1,0
BRDA:272,29,0,0
BRDA:272,29,1,0
BRDA:284,30,0,0
BRDA:284,30,1,0
BRDA:301,31,0,0
BRDA:301,31,1,0
BRDA:315,32,0,0
BRDA:315,32,1,0
BRDA:327,33,0,0
BRDA:327,33,1,0
BRF:68
BRH:0
end_of_record
TN:
SF:screens\SettingScreen.js
FN:26,SettingsScreen
FN:31,(anonymous_1)
FN:40,(anonymous_2)
FN:48,(anonymous_3)
FN:52,(anonymous_4)
FN:121,(anonymous_5)
FN:128,(anonymous_6)
FN:135,(anonymous_7)
FN:142,(anonymous_8)
FN:149,(anonymous_9)
FN:156,(anonymous_10)
FN:270,(anonymous_11)
FN:280,(anonymous_12)
FN:289,(anonymous_13)
FN:300,(anonymous_14)
FNF:15
FNH:0
FNDA:0,SettingsScreen
FNDA:0,(anonymous_1)
FNDA:0,(anonymous_2)
FNDA:0,(anonymous_3)
FNDA:0,(anonymous_4)
FNDA:0,(anonymous_5)
FNDA:0,(anonymous_6)
FNDA:0,(anonymous_7)
FNDA:0,(anonymous_8)
FNDA:0,(anonymous_9)
FNDA:0,(anonymous_10)
FNDA:0,(anonymous_11)
FNDA:0,(anonymous_12)
FNDA:0,(anonymous_13)
FNDA:0,(anonymous_14)
DA:15,0
DA:27,0
DA:28,0
DA:29,0
DA:31,0
DA:32,0
DA:33,0
DA:40,0
DA:41,0
DA:42,0
DA:44,0
DA:45,0
DA:47,0
DA:48,0
DA:52,0
DA:53,0
DA:56,0
DA:115,0
DA:121,0
DA:135,0
DA:160,0
DA:254,0
DA:270,0
DA:281,0
DA:289,0
DA:301,0
DA:323,0
LF:27
LH:0
BRDA:32,0,0,0
BRDA:32,0,1,0
BRDA:291,1,0,0
BRDA:291,1,1,0
BRF:4
BRH:0
end_of_record
TN:
SF:screens\SignupScreen.js
FN:12,(anonymous_0)
FN:20,(anonymous_1)
FN:91,(anonymous_2)
FNF:3
FNH:0
FNDA:0,(anonymous_0)
FNDA:0,(anonymous_1)
FNDA:0,(anonymous_2)
DA:12,0
DA:13,0
DA:14,0
DA:15,0
DA:16,0
DA:17,0
DA:18,0
DA:20,0
DA:21,0
DA:22,0
DA:23,0
DA:24,0
DA:26,0
DA:28,0
DA:29,0
DA:30,0
DA:33,0
DA:34,0
DA:35,0
DA:36,0
DA:38,0
DA:40,0
DA:45,0
DA:91,0
DA:100,0
LF:25
LH:0
BRDA:22,0,0,0
BRDA:22,0,1,0
BRDA:22,1,0,0
BRDA:22,1,1,0
BRDA:22,1,2,0
BRDA:23,2,0,0
BRDA:23,2,1,0
BRDA:24,3,0,0
BRDA:24,3,1,0
BRDA:28,4,0,0
BRDA:28,4,1,0
BRDA:33,5,0,0
BRDA:33,5,1,0
BRDA:38,6,0,0
BRDA:38,6,1,0
BRDA:58,7,0,0
BRDA:58,7,1,0
BRDA:68,8,0,0
BRDA:68,8,1,0
BRDA:78,9,0,0
BRDA:78,9,1,0
BRDA:81,10,0,0
BRDA:81,10,1,0
BRDA:86,11,0,0
BRDA:86,11,1,0
BRDA:89,12,0,0
BRDA:89,12,1,0
BRF:27
BRH:0
end_of_record
TN:
SF:screens\VoiceCommandScreen.js
FN:19,(anonymous_0)
FN:27,VoiceCommandScreen
FN:74,(anonymous_2)
FN:100,(anonymous_3)
FN:109,(anonymous_4)
FN:131,(anonymous_5)
FN:139,(anonymous_6)
FN:159,(anonymous_7)
FN:167,(anonymous_8)
FN:171,(anonymous_9)
FN:175,(anonymous_10)
FN:194,(anonymous_11)
FN:199,(anonymous_12)
FN:221,(anonymous_13)
FN:235,(anonymous_14)
FN:239,(anonymous_15)
FN:244,(anonymous_16)
FN:249,(anonymous_17)
FN:264,(anonymous_18)
FN:271,(anonymous_19)
FN:288,(anonymous_20)
FN:293,(anonymous_21)
FN:320,(anonymous_22)
FN:338,(anonymous_23)
FN:384,(anonymous_24)
FN:424,(anonymous_25)
FN:497,(anonymous_26)
FN:501,(anonymous_27)
FN:504,(anonymous_28)
FN:507,(anonymous_29)
FN:525,(anonymous_30)
FN:530,(anonymous_31)
FN:552,(anonymous_32)
FN:557,(anonymous_33)
FN:558,(anonymous_34)
FN:570,(anonymous_35)
FN:613,(anonymous_36)
FN:639,(anonymous_37)
FN:646,(anonymous_38)
FN:657,(anonymous_39)
FN:666,(anonymous_40)
FN:675,(anonymous_41)
FN:679,(anonymous_42)
FN:683,(anonymous_43)
FN:687,(anonymous_44)
FN:717,(anonymous_45)
FN:849,(anonymous_46)
FNF:47
FNH:0
FNDA:0,(anonymous_0)
FNDA:0,VoiceCommandScreen
FNDA:0,(anonymous_2)
FNDA:0,(anonymous_3)
FNDA:0,(anonymous_4)
FNDA:0,(anonymous_5)
FNDA:0,(anonymous_6)
FNDA:0,(anonymous_7)
FNDA:0,(anonymous_8)
FNDA:0,(anonymous_9)
FNDA:0,(anonymous_10)
FNDA:0,(anonymous_11)
FNDA:0,(anonymous_12)
FNDA:0,(anonymous_13)
FNDA:0,(anonymous_14)
FNDA:0,(anonymous_15)
FNDA:0,(anonymous_16)
FNDA:0,(anonymous_17)
FNDA:0,(anonymous_18)
FNDA:0,(anonymous_19)
FNDA:0,(anonymous_20)
FNDA:0,(anonymous_21)
FNDA:0,(anonymous_22)
FNDA:0,(anonymous_23)
FNDA:0,(anonymous_24)
FNDA:0,(anonymous_25)
FNDA:0,(anonymous_26)
FNDA:0,(anonymous_27)
FNDA:0,(anonymous_28)
FNDA:0,(anonymous_29)
FNDA:0,(anonymous_30)
FNDA:0,(anonymous_31)
FNDA:0,(anonymous_32)
FNDA:0,(anonymous_33)
FNDA:0,(anonymous_34)
FNDA:0,(anonymous_35)
FNDA:0,(anonymous_36)
FNDA:0,(anonymous_37)
FNDA:0,(anonymous_38)
FNDA:0,(anonymous_39)
FNDA:0,(anonymous_40)
FNDA:0,(anonymous_41)
FNDA:0,(anonymous_42)
FNDA:0,(anonymous_43)
FNDA:0,(anonymous_44)
FNDA:0,(anonymous_45)
FNDA:0,(anonymous_46)
DA:19,0
DA:20,0
DA:28,0
DA:29,0
DA:30,0
DA:31,0
DA:32,0
DA:33,0
DA:34,0
DA:35,0
DA:36,0
DA:37,0
DA:38,0
DA:39,0
DA:41,0
DA:74,0
DA:76,0
DA:79,0
DA:81,0
DA:82,0
DA:83,0
DA:84,0
DA:85,0
DA:87,0
DA:90,0
DA:95,0
DA:96,0
DA:97,0
DA:100,0
DA:101,0
DA:102,0
DA:103,0
DA:107,0
DA:109,0
DA:110,0
DA:111,0
DA:112,0
DA:113,0
DA:114,0
DA:116,0
DA:117,0
DA:118,0
DA:121,0
DA:122,0
DA:126,0
DA:131,0
DA:132,0
DA:133,0
DA:135,0
DA:139,0
DA:140,0
DA:142,0
DA:143,0
DA:144,0
DA:145,0
DA:146,0
DA:149,0
DA:150,0
DA:151,0
DA:152,0
DA:157,0
DA:158,0
DA:159,0
DA:160,0
DA:161,0
DA:162,0
DA:166,0
DA:167,0
DA:168,0
DA:171,0
DA:172,0
DA:175,0
DA:176,0
DA:178,0
DA:179,0
DA:180,0
DA:181,0
DA:182,0
DA:183,0
DA:184,0
DA:185,0
DA:186,0
DA:187,0
DA:188,0
DA:191,0
DA:194,0
DA:195,0
DA:196,0
DA:197,0
DA:199,0
DA:200,0
DA:206,0
DA:207,0
DA:209,0
DA:210,0
DA:211,0
DA:212,0
DA:215,0
DA:216,0
DA:221,0
DA:222,0
DA:224,0
DA:225,0
DA:226,0
DA:227,0
DA:230,0
DA:231,0
DA:232,0
DA:233,0
DA:235,0
DA:236,0
DA:239,0
DA:240,0
DA:241,0
DA:242,0
DA:244,0
DA:245,0
DA:249,0
DA:250,0
DA:252,0
DA:253,0
DA:254,0
DA:255,0
DA:256,0
DA:257,0
DA:258,0
DA:261,0
DA:264,0
DA:265,0
DA:268,0
DA:271,0
DA:272,0
DA:288,0
DA:289,0
DA:290,0
DA:293,0
DA:294,0
DA:296,0
DA:297,0
DA:300,0
DA:301,0
DA:302,0
DA:305,0
DA:306,0
DA:308,0
DA:309,0
DA:310,0
DA:315,0
DA:316,0
DA:320,0
DA:321,0
DA:322,0
DA:323,0
DA:335,0
DA:338,0
DA:341,0
DA:346,0
DA:348,0
DA:349,0
DA:350,0
DA:352,0
DA:353,0
DA:356,0
DA:357,0
DA:358,0
DA:363,0
DA:365,0
DA:366,0
DA:367,0
DA:368,0
DA:370,0
DA:371,0
DA:379,0
DA:380,0
DA:384,0
DA:387,0
DA:388,0
DA:391,0
DA:392,0
DA:394,0
DA:395,0
DA:397,0
DA:398,0
DA:401,0
DA:402,0
DA:403,0
DA:405,0
DA:408,0
DA:409,0
DA:410,0
DA:411,0
DA:412,0
DA:413,0
DA:414,0
DA:417,0
DA:419,0
DA:424,0
DA:425,0
DA:426,0
DA:427,0
DA:428,0
DA:435,0
DA:436,0
DA:437,0
DA:438,0
DA:441,0
DA:443,0
DA:444,0
DA:445,0
DA:446,0
DA:447,0
DA:449,0
DA:450,0
DA:451,0
DA:452,0
DA:453,0
DA:458,0
DA:460,0
DA:461,0
DA:464,0
DA:465,0
DA:469,0
DA:470,0
DA:471,0
DA:472,0
DA:473,0
DA:474,0
DA:477,0
DA:478,0
DA:483,0
DA:484,0
DA:485,0
DA:486,0
DA:488,0
DA:489,0
DA:497,0
DA:500,0
DA:501,0
DA:502,0
DA:504,0
DA:505,0
DA:507,0
DA:508,0
DA:510,0
DA:511,0
DA:512,0
DA:513,0
DA:514,0
DA:515,0
DA:516,0
DA:517,0
DA:518,0
DA:519,0
DA:520,0
DA:523,0
DA:525,0
DA:526,0
DA:527,0
DA:528,0
DA:530,0
DA:531,0
DA:538,0
DA:539,0
DA:543,0
DA:544,0
DA:545,0
DA:552,0
DA:555,0
DA:556,0
DA:557,0
DA:558,0
DA:561,0
DA:564,0
DA:565,0
DA:566,0
DA:567,0
DA:569,0
DA:570,0
DA:571,0
DA:572,0
DA:573,0
DA:575,0
DA:579,0
DA:581,0
DA:583,0
DA:591,0
DA:593,0
DA:596,0
DA:597,0
DA:600,0
DA:601,0
DA:602,0
DA:603,0
DA:604,0
DA:605,0
DA:606,0
DA:607,0
DA:613,0
DA:614,0
DA:615,0
DA:616,0
DA:618,0
DA:619,0
DA:620,0
DA:621,0
DA:627,0
DA:628,0
DA:629,0
DA:635,0
DA:636,0
DA:639,0
DA:640,0
DA:641,0
DA:642,0
DA:646,0
DA:647,0
DA:648,0
DA:649,0
DA:653,0
DA:658,0
DA:659,0
DA:660,0
DA:662,0
DA:664,0
DA:667,0
DA:668,0
DA:669,0
DA:671,0
DA:673,0
DA:676,0
DA:677,0
DA:680,0
DA:681,0
DA:684,0
DA:685,0
DA:688,0
DA:689,0
DA:690,0
DA:691,0
DA:693,0
DA:694,0
DA:695,0
DA:696,0
DA:697,0
DA:699,0
DA:700,0
DA:701,0
DA:702,0
DA:704,0
DA:705,0
DA:711,0
DA:713,0
DA:715,0
DA:717,0
DA:721,0
DA:722,0
DA:723,0
DA:727,0
DA:841,0
DA:850,0
DA:937,0
LF:361
LH:0
BRDA:20,0,0,0
BRDA:20,0,1,0
BRDA:20,0,2,0
BRDA:20,0,3,0
BRDA:79,1,0,0
BRDA:79,1,1,0
BRDA:81,2,0,0
BRDA:81,2,1,0
BRDA:82,3,0,0
BRDA:82,3,1,0
BRDA:83,4,0,0
BRDA:83,4,1,0
BRDA:101,5,0,0
BRDA:101,5,1,0
BRDA:101,6,0,0
BRDA:101,6,1,0
BRDA:107,7,0,0
BRDA:107,7,1,0
BRDA:110,8,0,0
BRDA:110,8,1,0
BRDA:112,9,0,0
BRDA:112,9,1,0
BRDA:112,10,0,0
BRDA:112,10,1,0
BRDA:114,11,0,0
BRDA:114,11,1,0
BRDA:114,12,0,0
BRDA:114,12,1,0
BRDA:117,13,0,0
BRDA:117,13,1,0
BRDA:117,14,0,0
BRDA:117,14,1,0
BRDA:122,15,0,0
BRDA:122,15,1,0
BRDA:122,16,0,0
BRDA:122,16,1,0
BRDA:132,17,0,0
BRDA:132,17,1,0
BRDA:142,18,0,0
BRDA:142,18,1,0
BRDA:142,19,0,0
BRDA:142,19,1,0
BRDA:149,20,0,0
BRDA:149,20,1,0
BRDA:157,21,0,0
BRDA:157,21,1,0
BRDA:166,22,0,0
BRDA:166,22,1,0
BRDA:166,23,0,0
BRDA:166,23,1,0
BRDA:179,24,0,0
BRDA:179,24,1,0
BRDA:179,25,0,0
BRDA:179,25,1,0
BRDA:181,26,0,0
BRDA:181,26,1,0
BRDA:181,27,0,0
BRDA:181,27,1,0
BRDA:184,28,0,0
BRDA:184,28,1,0
BRDA:184,29,0,0
BRDA:184,29,1,0
BRDA:187,30,0,0
BRDA:187,30,1,0
BRDA:187,31,0,0
BRDA:187,31,1,0
BRDA:187,31,2,0
BRDA:195,32,0,0
BRDA:195,32,1,0
BRDA:195,33,0,0
BRDA:195,33,1,0
BRDA:209,34,0,0
BRDA:209,34,1,0
BRDA:209,34,2,0
BRDA:210,35,0,0
BRDA:210,35,1,0
BRDA:210,36,0,0
BRDA:210,36,1,0
BRDA:210,36,2,0
BRDA:222,37,0,0
BRDA:222,37,1,0
BRDA:222,38,0,0
BRDA:222,38,1,0
BRDA:224,39,0,0
BRDA:224,39,1,0
BRDA:225,40,0,0
BRDA:225,40,1,0
BRDA:253,41,0,0
BRDA:253,41,1,0
BRDA:255,42,0,0
BRDA:255,42,1,0
BRDA:257,43,0,0
BRDA:257,43,1,0
BRDA:294,44,0,0
BRDA:294,44,1,0
BRDA:300,45,0,0
BRDA:300,45,1,0
BRDA:321,46,0,0
BRDA:321,46,1,0
BRDA:348,47,0,0
BRDA:348,47,1,0
BRDA:365,48,0,0
BRDA:365,48,1,0
BRDA:367,49,0,0
BRDA:367,49,1,0
BRDA:367,50,0,0
BRDA:367,50,1,0
BRDA:370,51,0,0
BRDA:370,51,1,0
BRDA:370,52,0,0
BRDA:370,52,1,0
BRDA:379,53,0,0
BRDA:379,53,1,0
BRDA:379,54,0,0
BRDA:379,54,1,0
BRDA:379,54,2,0
BRDA:387,55,0,0
BRDA:387,55,1,0
BRDA:387,56,0,0
BRDA:387,56,1,0
BRDA:387,56,2,0
BRDA:394,57,0,0
BRDA:394,57,1,0
BRDA:394,58,0,0
BRDA:394,58,1,0
BRDA:401,59,0,0
BRDA:401,59,1,0
BRDA:401,59,2,0
BRDA:402,60,0,0
BRDA:402,60,1,0
BRDA:402,61,0,0
BRDA:402,61,1,0
BRDA:409,62,0,0
BRDA:409,62,1,0
BRDA:409,62,2,0
BRDA:410,63,0,0
BRDA:410,63,1,0
BRDA:410,64,0,0
BRDA:410,64,1,0
BRDA:410,64,2,0
BRDA:410,64,3,0
BRDA:413,65,0,0
BRDA:413,65,1,0
BRDA:413,66,0,0
BRDA:413,66,1,0
BRDA:413,66,2,0
BRDA:425,67,0,0
BRDA:425,67,1,0
BRDA:426,68,0,0
BRDA:426,68,1,0
BRDA:435,69,0,0
BRDA:435,69,1,0
BRDA:443,70,0,0
BRDA:443,70,1,0
BRDA:445,71,0,0
BRDA:445,71,1,0
BRDA:445,72,0,0
BRDA:445,72,1,0
BRDA:449,73,0,0
BRDA:449,73,1,0
BRDA:451,74,0,0
BRDA:451,74,1,0
BRDA:460,75,0,0
BRDA:460,75,1,0
BRDA:460,76,0,0
BRDA:460,76,1,0
BRDA:464,77,0,0
BRDA:464,77,1,0
BRDA:469,78,0,0
BRDA:469,78,1,0
BRDA:472,79,0,0
BRDA:472,79,1,0
BRDA:483,80,0,0
BRDA:483,80,1,0
BRDA:485,81,0,0
BRDA:485,81,1,0
BRDA:485,82,0,0
BRDA:485,82,1,0
BRDA:488,83,0,0
BRDA:488,83,1,0
BRDA:488,84,0,0
BRDA:488,84,1,0
BRDA:500,85,0,0
BRDA:500,85,1,0
BRDA:500,86,0,0
BRDA:500,86,1,0
BRDA:511,87,0,0
BRDA:511,87,1,0
BRDA:511,88,0,0
BRDA:511,88,1,0
BRDA:513,89,0,0
BRDA:513,89,1,0
BRDA:513,90,0,0
BRDA:513,90,1,0
BRDA:516,91,0,0
BRDA:516,91,1,0
BRDA:516,92,0,0
BRDA:516,92,1,0
BRDA:519,93,0,0
BRDA:519,93,1,0
BRDA:519,94,0,0
BRDA:519,94,1,0
BRDA:519,94,2,0
BRDA:526,95,0,0
BRDA:526,95,1,0
BRDA:526,96,0,0
BRDA:526,96,1,0
BRDA:538,97,0,0
BRDA:538,97,1,0
BRDA:538,98,0,0
BRDA:538,98,1,0
BRDA:538,98,2,0
BRDA:544,99,0,0
BRDA:544,99,1,0
BRDA:544,100,0,0
BRDA:544,100,1,0
BRDA:566,101,0,0
BRDA:566,101,1,0
BRDA:566,102,0,0
BRDA:566,102,1,0
BRDA:569,103,0,0
BRDA:569,103,1,0
BRDA:573,104,0,0
BRDA:573,104,1,0
BRDA:573,105,0,0
BRDA:573,105,1,0
BRDA:573,105,2,0
BRDA:579,106,0,0
BRDA:579,106,1,0
BRDA:579,106,2,0
BRDA:581,107,0,0
BRDA:581,107,1,0
BRDA:581,108,0,0
BRDA:581,108,1,0
BRDA:581,108,2,0
BRDA:583,109,0,0
BRDA:583,109,1,0
BRDA:597,110,0,0
BRDA:597,110,1,0
BRDA:597,110,2,0
BRDA:600,111,0,0
BRDA:600,111,1,0
BRDA:600,112,0,0
BRDA:600,112,1,0
BRDA:600,112,2,0
BRDA:600,112,3,0
BRDA:600,112,4,0
BRDA:603,113,0,0
BRDA:603,113,1,0
BRDA:603,114,0,0
BRDA:603,114,1,0
BRDA:603,114,2,0
BRDA:605,115,0,0
BRDA:605,115,1,0
BRDA:605,116,0,0
BRDA:605,116,1,0
BRDA:614,117,0,0
BRDA:614,117,1,0
BRDA:618,118,0,0
BRDA:618,118,1,0
BRDA:619,119,0,0
BRDA:619,119,1,0
BRDA:628,120,0,0
BRDA:628,120,1,0
BRDA:628,121,0,0
BRDA:628,121,1,0
BRDA:628,121,2,0
BRDA:640,122,0,0
BRDA:640,122,1,0
BRDA:640,123,0,0
BRDA:640,123,1,0
BRDA:648,124,0,0
BRDA:648,124,1,0
BRDA:649,125,0,0
BRDA:649,125,1,0
BRDA:649,126,0,0
BRDA:649,126,1,0
BRDA:650,127,0,0
BRDA:650,127,1,0
BRDA:677,128,0,0
BRDA:677,128,1,0
BRDA:681,129,0,0
BRDA:681,129,1,0
BRDA:685,130,0,0
BRDA:685,130,1,0
BRDA:688,131,0,0
BRDA:688,131,1,0
BRDA:693,132,0,0
BRDA:693,132,1,0
BRDA:699,133,0,0
BRDA:699,133,1,0
BRDA:722,134,0,0
BRDA:722,134,1,0
BRDA:722,135,0,0
BRDA:722,135,1,0
BRDA:722,135,2,0
BRDA:722,135,3,0
BRDA:861,136,0,0
BRDA:861,136,1,0
BRDA:861,136,2,0
BRDA:880,137,0,0
BRDA:880,137,1,0
BRDA:880,137,2,0
BRDA:901,138,0,0
BRDA:901,138,1,0
BRDA:901,139,0,0
BRDA:901,139,1,0
BRDA:903,140,0,0
BRDA:903,140,1,0
BRDA:903,140,2,0
BRDA:918,141,0,0
BRDA:918,141,1,0
BRDA:921,142,0,0
BRDA:921,142,1,0
BRDA:923,143,0,0
BRDA:923,143,1,0
BRDA:928,144,0,0
BRDA:928,144,1,0
BRF:318
BRH:0
end_of_record
TN:
SF:utils\aiChatbot.js
FN:64,(anonymous_0)
FN:66,(anonymous_1)
FN:75,(anonymous_2)
FN:79,(anonymous_3)
FN:86,(anonymous_4)
FN:96,(anonymous_5)
FN:99,(anonymous_6)
FN:102,(anonymous_7)
FN:105,(anonymous_8)
FN:111,(anonymous_9)
FN:208,(anonymous_10)
FN:252,(anonymous_11)
FNF:12
FNH:0
FNDA:0,(anonymous_0)
FNDA:0,(anonymous_1)
FNDA:0,(anonymous_2)
FNDA:0,(anonymous_3)
FNDA:0,(anonymous_4)
FNDA:0,(anonymous_5)
FNDA:0,(anonymous_6)
FNDA:0,(anonymous_7)
FNDA:0,(anonymous_8)
FNDA:0,(anonymous_9)
FNDA:0,(anonymous_10)
FNDA:0,(anonymous_11)
DA:7,0
DA:13,0
DA:24,0
DA:64,0
DA:65,0
DA:66,0
DA:67,0
DA:68,0
DA:75,0
DA:76,0
DA:78,0
DA:79,0
DA:80,0
DA:85,0
DA:86,0
DA:87,0
DA:90,0
DA:96,0
DA:97,0
DA:98,0
DA:99,0
DA:102,0
DA:103,0
DA:104,0
DA:105,0
DA:111,0
DA:112,0
DA:113,0
DA:116,0
DA:117,0
DA:118,0
DA:122,0
DA:123,0
DA:124,0
DA:128,0
DA:129,0
DA:130,0
DA:134,0
DA:136,0
DA:137,0
DA:138,0
DA:141,0
DA:142,0
DA:143,0
DA:146,0
DA:147,0
DA:148,0
DA:151,0
DA:152,0
DA:153,0
DA:155,0
DA:159,0
DA:160,0
DA:161,0
DA:162,0
DA:164,0
DA:165,0
DA:167,0
DA:168,0
DA:171,0
DA:172,0
DA:174,0
DA:178,0
DA:179,0
DA:184,0
DA:187,0
DA:188,0
DA:194,0
DA:197,0
DA:199,0
DA:202,0
DA:208,0
DA:209,0
DA:212,0
DA:213,0
DA:214,0
DA:218,0
DA:219,0
DA:223,0
DA:224,0
DA:228,0
DA:229,0
DA:233,0
DA:234,0
DA:238,0
DA:245,0
DA:252,0
DA:253,0
DA:256,0
DA:259,0
DA:260,0
DA:268,0
DA:270,0
LF:93
LH:0
BRDA:79,0,0,0
BRDA:79,0,1,0
BRDA:86,1,0,0
BRDA:86,1,1,0
BRDA:86,2,0,0
BRDA:86,2,1,0
BRDA:86,2,2,0
BRDA:111,3,0,0
BRDA:113,4,0,0
BRDA:113,5,0,0
BRDA:113,6,0,0
BRDA:116,7,0,0
BRDA:116,7,1,0
BRDA:122,8,0,0
BRDA:122,8,1,0
BRDA:128,9,0,0
BRDA:128,9,1,0
BRDA:136,10,0,0
BRDA:136,10,1,0
BRDA:141,11,0,0
BRDA:141,11,1,0
BRDA:146,12,0,0
BRDA:146,12,1,0
BRDA:151,13,0,0
BRDA:151,13,1,0
BRDA:152,14,0,0
BRDA:152,14,1,0
BRDA:159,15,0,0
BRDA:159,15,1,0
BRDA:161,16,0,0
BRDA:161,16,1,0
BRDA:164,17,0,0
BRDA:164,17,1,0
BRDA:167,18,0,0
BRDA:167,18,1,0
BRDA:167,19,0,0
BRDA:167,19,1,0
BRDA:171,20,0,0
BRDA:171,20,1,0
BRDA:178,21,0,0
BRDA:178,21,1,0
BRDA:187,22,0,0
BRDA:187,22,1,0
BRDA:197,23,0,0
BRDA:197,23,1,0
BRDA:208,24,0,0
BRDA:213,25,0,0
BRDA:213,25,1,0
BRDA:218,26,0,0
BRDA:218,26,1,0
BRDA:223,27,0,0
BRDA:223,27,1,0
BRDA:223,28,0,0
BRDA:223,28,1,0
BRDA:223,28,2,0
BRDA:228,29,0,0
BRDA:228,29,1,0
BRDA:228,30,0,0
BRDA:228,30,1,0
BRDA:228,30,2,0
BRDA:228,30,3,0
BRDA:233,31,0,0
BRDA:233,31,1,0
BRDA:233,32,0,0
BRDA:233,32,1,0
BRDA:233,32,2,0
BRDA:259,33,0,0
BRDA:259,33,1,0
BRF:68
BRH:0
end_of_record
TN:
SF:utils\commandProcessor.js
FN:74,(anonymous_0)
FN:76,(anonymous_1)
FN:82,(anonymous_2)
FN:111,(anonymous_3)
FN:227,(anonymous_4)
FNF:5
FNH:4
FNDA:104,(anonymous_0)
FNDA:721,(anonymous_1)
FNDA:25,(anonymous_2)
FNDA:14,(anonymous_3)
FNDA:0,(anonymous_4)
DA:4,5
DA:74,5
DA:75,104
DA:76,721
DA:82,5
DA:83,25
DA:85,25
DA:86,2
DA:87,23
DA:88,3
DA:89,20
DA:90,8
DA:91,12
DA:92,0
DA:93,12
DA:94,0
DA:95,12
DA:96,8
DA:99,4
DA:111,5
DA:112,14
DA:113,14
DA:115,14
DA:117,2
DA:118,2
DA:120,2
DA:127,2
DA:128,2
DA:130,2
DA:137,5
DA:138,4
DA:139,4
DA:144,4
DA:145,0
DA:147,4
DA:153,1
DA:154,1
DA:155,0
DA:157,1
DA:165,0
DA:166,0
DA:167,0
DA:172,0
DA:173,0
DA:175,0
DA:181,0
DA:182,0
DA:183,0
DA:185,0
DA:193,0
DA:194,0
DA:196,0
DA:203,4
DA:204,4
DA:206,4
DA:213,1
DA:214,1
DA:216,1
DA:227,5
DA:228,0
DA:238,0
LF:61
LH:42
BRDA:85,0,0,2
BRDA:85,0,1,23
BRDA:87,1,0,3
BRDA:87,1,1,20
BRDA:89,2,0,8
BRDA:89,2,1,12
BRDA:91,3,0,0
BRDA:91,3,1,12
BRDA:93,4,0,0
BRDA:93,4,1,12
BRDA:95,5,0,8
BRDA:95,5,1,4
BRDA:111,6,0,0
BRDA:111,7,0,0
BRDA:113,8,0,9
BRDA:115,9,0,2
BRDA:115,9,1,2
BRDA:115,9,2,5
BRDA:115,9,3,0
BRDA:115,9,4,0
BRDA:115,9,5,4
BRDA:115,9,6,1
BRDA:117,10,0,2
BRDA:117,10,1,0
BRDA:127,11,0,2
BRDA:127,11,1,0
BRDA:137,12,0,4
BRDA:137,12,1,1
BRDA:137,13,0,5
BRDA:137,13,1,4
BRDA:137,13,2,4
BRDA:138,14,0,4
BRDA:138,14,1,0
BRDA:144,15,0,0
BRDA:144,15,1,4
BRDA:154,16,0,0
BRDA:154,16,1,1
BRDA:165,17,0,0
BRDA:165,17,1,0
BRDA:165,18,0,0
BRDA:165,18,1,0
BRDA:165,18,2,0
BRDA:166,19,0,0
BRDA:166,19,1,0
BRDA:172,20,0,0
BRDA:172,20,1,0
BRDA:182,21,0,0
BRDA:182,21,1,0
BRDA:193,22,0,0
BRDA:193,22,1,0
BRDA:203,23,0,4
BRDA:203,23,1,0
BRDA:213,24,0,1
BRDA:213,24,1,0
BRDA:238,25,0,0
BRDA:238,25,1,0
BRF:56
BRH:28
end_of_record
TN:
SF:utils\emergencyAlert.js
FN:4,(anonymous_0)
FN:23,sendEmergencyAlert
FNF:2
FNH:2
FNDA:6,(anonymous_0)
FNDA:7,sendEmergencyAlert
DA:4,2
DA:5,6
DA:29,7
DA:30,1
DA:32,6
DA:33,2
DA:36,4
DA:55,4
DA:58,3
DA:59,3
DA:67,3
LF:11
LH:11
BRDA:6,0,0,6
BRDA:6,0,1,5
BRDA:6,0,2,5
BRDA:6,0,3,5
BRDA:6,0,4,4
BRDA:27,1,0,4
BRDA:29,2,0,1
BRDA:29,2,1,6
BRDA:32,3,0,2
BRDA:32,3,1,4
BRDA:47,4,0,4
BRDA:47,4,1,3
BRDA:47,5,0,4
BRDA:47,5,1,3
BRDA:48,6,0,4
BRDA:48,6,1,3
BRDA:49,7,0,4
BRDA:49,7,1,3
BRDA:50,8,0,4
BRDA:50,8,1,3
BRDA:51,9,0,4
BRDA:51,9,1,4
BRF:22
BRH:22
end_of_record
TN:
SF:utils\loginValidation.js
FN:6,validateLoginFields
FNF:1
FNH:1
FNDA:12,validateLoginFields
DA:7,12
DA:8,12
DA:9,12
DA:11,12
DA:12,7
DA:14,12
DA:15,4
DA:17,12
LF:8
LH:8
BRDA:6,0,0,0
BRDA:6,1,0,0
BRDA:8,2,0,12
BRDA:8,2,1,3
BRDA:9,3,0,12
BRDA:9,3,1,3
BRDA:11,4,0,7
BRDA:11,4,1,5
BRDA:11,5,0,12
BRDA:11,5,1,8
BRDA:11,5,2,6
BRDA:14,6,0,4
BRDA:14,6,1,8
BRF:13
BRH:11
end_of_record
TN:
SF:utils\navigationObstacleAlert.js
FN:17,ensureTfAndModel
FN:25,(anonymous_1)
FN:31,base64ToUint8Array
FN:47,detectFromBase64
FNF:4
FNH:0
FNDA:0,ensureTfAndModel
FNDA:0,(anonymous_1)
FNDA:0,base64ToUint8Array
FNDA:0,detectFromBase64
DA:13,0
DA:14,0
DA:15,0
DA:18,0
DA:19,0
DA:20,0
DA:21,0
DA:22,0
DA:24,0
DA:25,0
DA:26,0
DA:27,0
DA:28,0
DA:32,0
DA:33,0
DA:34,0
DA:35,0
DA:37,0
DA:40,0
DA:48,0
DA:49,0
DA:50,0
DA:52,0
DA:53,0
DA:54,0
DA:55,0
DA:56,0
DA:61,0
DA:63,0
DA:64,0
DA:65,0
DA:66,0
DA:67,0
DA:68,0
DA:69,0
DA:71,0
DA:72,0
DA:73,0
DA:74,0
DA:75,0
DA:76,0
DA:77,0
DA:78,0
DA:79,0
DA:83,0
DA:85,0
LF:46
LH:0
BRDA:18,0,0,0
BRDA:18,0,1,0
BRDA:18,1,0,0
BRDA:18,1,1,0
BRDA:19,2,0,0
BRDA:19,2,1,0
BRDA:25,3,0,0
BRDA:25,3,1,0
BRDA:47,4,0,0
BRDA:48,5,0,0
BRDA:48,5,1,0
BRDA:50,6,0,0
BRDA:50,6,1,0
BRDA:50,7,0,0
BRDA:50,7,1,0
BRDA:74,8,0,0
BRDA:74,8,1,0
BRDA:76,9,0,0
BRDA:76,9,1,0
BRDA:77,10,0,0
BRDA:77,10,1,0
BRF:21
BRH:0
end_of_record
TN:
SF:utils\objectDetection\colors.js
FN:5,(anonymous_0)
FN:13,(anonymous_1)
FN:14,(anonymous_2)
FNF:3
FNH:0
FNDA:0,(anonymous_0)
FNDA:0,(anonymous_1)
FNDA:0,(anonymous_2)
DA:6,0
DA:11,0
DA:13,0
DA:14,0
DA:15,0
DA:16,0
LF:6
LH:0
BRDA:16,0,0,0
BRDA:16,0,1,0
BRF:2
BRH:0
end_of_record
TN:
SF:utils\objectDetection\modelHandler.js
FNF:0
FNH:0
DA:3,0
DA:4,0
DA:9,0
LF:3
LH:0
BRF:0
BRH:0
end_of_record
TN:
SF:utils\objectDetection\preprocess.js
FN:10,(anonymous_0)
FN:13,(anonymous_1)
FNF:2
FNH:0
FNDA:0,(anonymous_0)
FNDA:0,(anonymous_1)
DA:10,0
DA:13,0
DA:14,0
DA:15,0
DA:16,0
DA:21,0
DA:22,0
DA:23,0
DA:28,0
LF:9
LH:0
BRF:0
BRH:0
end_of_record
TN:
SF:utils\objectDetection\renderBox.js
FN:14,(anonymous_0)
FNF:1
FNH:0
FNDA:0,(anonymous_0)
DA:14,0
DA:15,0
DA:16,0
DA:18,0
DA:19,0
DA:20,0
DA:21,0
DA:23,0
DA:24,0
DA:25,0
DA:26,0
DA:27,0
DA:28,0
DA:30,0
DA:31,0
DA:32,0
DA:33,0
DA:34,0
DA:35,0
DA:36,0
DA:38,0
DA:40,0
DA:41,0
DA:43,0
DA:44,0
DA:45,0
DA:46,0
DA:47,0
DA:48,0
DA:50,0
DA:51,0
DA:54,0
LF:32
LH:0
BRDA:14,0,0,0
BRDA:15,1,0,0
BRDA:15,1,1,0
BRDA:15,2,0,0
BRDA:15,2,1,0
BRDA:24,3,0,0
BRDA:24,3,1,0
BRDA:26,4,0,0
BRDA:26,4,1,0
BRDA:38,5,0,0
BRDA:38,5,1,0
BRDA:48,6,0,0
BRDA:48,6,1,0
BRDA:51,7,0,0
BRDA:51,7,1,0
BRDA:54,8,0,0
BRDA:54,8,1,0
BRF:17
BRH:0
end_of_record
